AutoECO Report
FILE-A: C:\DOCUMENTS AND SETTINGS\TASOS\LAB3\LAYOUT-1LAYER\DESIGN1.MAX
FILE-B: C:\DOCUMENTS AND SETTINGS\TASOS\LAB3\DESIGN1.MNL
If "*EOF*" immediately follows, no changes were made
Adding package 74LS02
Adding package 74LS08
Adding package 74LS86
Adding package 74LS32
Adding package 74LS00
Adding package 74LS04
Adding component U14
Found footprint DIP.100/14/W.300/L.750 from PRT file for part 74LS02, comp U14
Adding component U16
Adding component U11
Adding component U15
Adding component U9
Adding component U7
Adding component U3
Adding component U4
Adding component U10
Adding component U6
Adding component U2
Adding component U8
Adding component U1
Adding component U5
Adding component U17
Adding component U12
Adding component U13
Adding net N00203
Adding net N00131
Adding net N00542
Adding net N00241
Adding net N00291
Adding net N00863
Adding net N00773
Adding net N01477
Adding net N01290
Adding net N00717
Adding net N00530
Adding net N01556
Adding net N01178
Adding net N01973
Adding net N00300
Adding net N05128
Adding net N05102
Adding net N00455
Adding net N05104
Adding net N04984
Adding net N05100
Adding net N05066
Adding net N05042
Adding net N05064
Adding net N04944
Adding net N05030
Adding net N04956
Adding net N04954
Adding net N00617
Adding net N04974
Adding net N04986
Adding net N04998
Adding net N05008
Adding net N05014
Adding net N05995
Adding net N05875
Adding net N05614
Adding net N05835
Adding net N05458
Adding net N05468
Adding net N05470
Adding net N05921
Adding net N05993
Adding net N05556
Adding net N06019
Adding net N05642
Adding net N05616
Adding net N05578
Adding net N05488
Adding net N05905
Adding net N05877
Adding net N05500
Adding net N05498
Adding net N05845
Adding net N05899
Adding net N05955
Adding net N05512
Adding net N05847
Adding net N05522
Adding net N05618
Adding net N05865
Adding net N05528
Adding net N05889
Adding net N05933
Adding net N05580
Adding net N05544
Adding net N05957
Adding net N05991
Adding net VCC
Adding net GND
Deleting component P1
Deleting net DEFAULT
*EOF*
No errors found
