Sun Mar 24 13:30:18 Saved as file C:\DOCUMENTS AND SETTINGS\TASOS\LAB3\LAYOUT-1LAYER\DESIGN1.MAX
Sun Mar 24 13:30:18 Saved as file BACKUP1.MAX
Sun Mar 24 13:30:18 Saved as file C:\DOCUMENTS AND SETTINGS\TASOS\LAB3\LAYOUT-1LAYER\DESIGN1.MAX
Sun Mar 24 13:30:18 UserDiv from Layout.INI for AutoECO: 60
Sun Mar 24 13:30:18 Loaded file C:\DOCUMENTS AND SETTINGS\TASOS\LAB3\LAYOUT-1LAYER\DESIGN1.MAX
Sun Mar 24 13:30:18 Loaded file C:\ORCADWIN\LAYOUT\LIBRARY\TO.LLB
Sun Mar 24 13:30:18 Loaded file C:\ORCADWIN\LAYOUT\LIBRARY\SOJ.LLB
Sun Mar 24 13:30:18 Loaded file C:\ORCADWIN\LAYOUT\LIBRARY\DIP100T.LLB
Sun Mar 24 13:30:18 Loaded file C:\ORCADWIN\LAYOUT\LIBRARY\DIP100B.LLB
Sun Mar 24 13:30:18 Loaded file C:\ORCADWIN\LAYOUT\LIBRARY\DSUBT.LLB
Sun Mar 24 13:30:18 Loaded file C:\ORCADWIN\LAYOUT\LIBRARY\JUMPER.LLB
Sun Mar 24 13:30:18 Loaded file C:\ORCADWIN\LAYOUT\LIBRARY\SM.LLB
Sun Mar 24 13:30:18 Loaded file C:\ORCADWIN\LAYOUT\LIBRARY\TM_CAP_P.LLB
Sun Mar 24 13:30:18 Loaded file C:\ORCADWIN\LAYOUT\library\sheet05.llb
Sun Mar 24 13:30:18 Loaded file C:\ORCADWIN\LAYOUT\LIBRARY\TO.LLB
Sun Mar 24 13:30:18 Loaded file C:\ORCADWIN\LAYOUT\LIBRARY\SOJ.LLB
Sun Mar 24 13:30:18 Loaded file C:\ORCADWIN\LAYOUT\LIBRARY\DIP100T.LLB
Sun Mar 24 13:30:18 Loaded file C:\ORCADWIN\LAYOUT\LIBRARY\DIP100B.LLB
Sun Mar 24 13:30:18 Loaded file C:\ORCADWIN\LAYOUT\LIBRARY\DSUBT.LLB
Sun Mar 24 13:30:18 Loaded file C:\ORCADWIN\LAYOUT\LIBRARY\JUMPER.LLB
Sun Mar 24 13:30:18 Loaded file C:\ORCADWIN\LAYOUT\LIBRARY\SM.LLB
Sun Mar 24 13:30:18 Loaded file C:\ORCADWIN\LAYOUT\LIBRARY\TM_CAP_P.LLB
Sun Mar 24 13:30:18 Loaded file C:\ORCADWIN\LAYOUT\library\sheet05.llb
Sun Mar 24 13:30:18 Unable to find Alternate Footprint: SOG.050/14/WG.244/L.375
Sun Mar 24 13:30:18 Loaded file C:\ORCADWIN\LAYOUT\LIBRARY\DIP100T.LLB
Sun Mar 24 13:30:18 Loaded file C:\ORCADWIN\LAYOUT\LIBRARY\TO.LLB
Sun Mar 24 13:30:18 Loaded file C:\ORCADWIN\LAYOUT\LIBRARY\SOJ.LLB
Sun Mar 24 13:30:18 Loaded file C:\ORCADWIN\LAYOUT\LIBRARY\DIP100T.LLB
Sun Mar 24 13:30:18 Loaded file C:\ORCADWIN\LAYOUT\LIBRARY\DIP100B.LLB
Sun Mar 24 13:30:18 Loaded file C:\ORCADWIN\LAYOUT\LIBRARY\DSUBT.LLB
Sun Mar 24 13:30:18 Loaded file C:\ORCADWIN\LAYOUT\LIBRARY\JUMPER.LLB
Sun Mar 24 13:30:18 Loaded file C:\ORCADWIN\LAYOUT\LIBRARY\SM.LLB
Sun Mar 24 13:30:18 Loaded file C:\ORCADWIN\LAYOUT\LIBRARY\TM_CAP_P.LLB
Sun Mar 24 13:30:18 Loaded file C:\ORCADWIN\LAYOUT\library\sheet05.llb
Sun Mar 24 13:30:18 Unable to find Alternate Footprint: SOG.050/14/WG.244/L.375
Sun Mar 24 13:30:18 Loaded file C:\ORCADWIN\LAYOUT\LIBRARY\TO.LLB
Sun Mar 24 13:30:18 Loaded file C:\ORCADWIN\LAYOUT\LIBRARY\SOJ.LLB
Sun Mar 24 13:30:18 Loaded file C:\ORCADWIN\LAYOUT\LIBRARY\DIP100T.LLB
Sun Mar 24 13:30:18 Loaded file C:\ORCADWIN\LAYOUT\LIBRARY\DIP100B.LLB
Sun Mar 24 13:30:18 Loaded file C:\ORCADWIN\LAYOUT\LIBRARY\DSUBT.LLB
Sun Mar 24 13:30:18 Loaded file C:\ORCADWIN\LAYOUT\LIBRARY\JUMPER.LLB
Sun Mar 24 13:30:18 Loaded file C:\ORCADWIN\LAYOUT\LIBRARY\SM.LLB
Sun Mar 24 13:30:18 Loaded file C:\ORCADWIN\LAYOUT\LIBRARY\TM_CAP_P.LLB
Sun Mar 24 13:30:18 Loaded file C:\ORCADWIN\LAYOUT\library\sheet05.llb
Sun Mar 24 13:30:18 Unable to find Alternate Footprint: SOG.050/14/WG.244/L.375
Sun Mar 24 13:30:18 Loaded file C:\ORCADWIN\LAYOUT\LIBRARY\TO.LLB
Sun Mar 24 13:30:18 Loaded file C:\ORCADWIN\LAYOUT\LIBRARY\SOJ.LLB
Sun Mar 24 13:30:18 Loaded file C:\ORCADWIN\LAYOUT\LIBRARY\DIP100T.LLB
Sun Mar 24 13:30:18 Loaded file C:\ORCADWIN\LAYOUT\LIBRARY\DIP100B.LLB
Sun Mar 24 13:30:18 Loaded file C:\ORCADWIN\LAYOUT\LIBRARY\DSUBT.LLB
Sun Mar 24 13:30:18 Loaded file C:\ORCADWIN\LAYOUT\LIBRARY\JUMPER.LLB
Sun Mar 24 13:30:18 Loaded file C:\ORCADWIN\LAYOUT\LIBRARY\SM.LLB
Sun Mar 24 13:30:18 Loaded file C:\ORCADWIN\LAYOUT\LIBRARY\TM_CAP_P.LLB
Sun Mar 24 13:30:18 Loaded file C:\ORCADWIN\LAYOUT\library\sheet05.llb
Sun Mar 24 13:30:18 Unable to find Alternate Footprint: SOG.050/14/WG.244/L.375
Sun Mar 24 13:30:18 Loaded file C:\ORCADWIN\LAYOUT\LIBRARY\TO.LLB
Sun Mar 24 13:30:18 Loaded file C:\ORCADWIN\LAYOUT\LIBRARY\SOJ.LLB
Sun Mar 24 13:30:18 Loaded file C:\ORCADWIN\LAYOUT\LIBRARY\DIP100T.LLB
Sun Mar 24 13:30:18 Loaded file C:\ORCADWIN\LAYOUT\LIBRARY\DIP100B.LLB
Sun Mar 24 13:30:18 Loaded file C:\ORCADWIN\LAYOUT\LIBRARY\DSUBT.LLB
Sun Mar 24 13:30:18 Loaded file C:\ORCADWIN\LAYOUT\LIBRARY\JUMPER.LLB
Sun Mar 24 13:30:18 Loaded file C:\ORCADWIN\LAYOUT\LIBRARY\SM.LLB
Sun Mar 24 13:30:18 Loaded file C:\ORCADWIN\LAYOUT\LIBRARY\TM_CAP_P.LLB
Sun Mar 24 13:30:18 Loaded file C:\ORCADWIN\LAYOUT\library\sheet05.llb
Sun Mar 24 13:30:18 Unable to find Alternate Footprint: SOG.050/14/WG.244/L.375
Sun Mar 24 13:30:18 Loaded file C:\ORCADWIN\LAYOUT\LIBRARY\TO.LLB
Sun Mar 24 13:30:18 Loaded file C:\ORCADWIN\LAYOUT\LIBRARY\SOJ.LLB
Sun Mar 24 13:30:18 Loaded file C:\ORCADWIN\LAYOUT\LIBRARY\DIP100T.LLB
Sun Mar 24 13:30:18 Loaded file C:\ORCADWIN\LAYOUT\LIBRARY\DIP100B.LLB
Sun Mar 24 13:30:18 Loaded file C:\ORCADWIN\LAYOUT\LIBRARY\DSUBT.LLB
Sun Mar 24 13:30:18 Loaded file C:\ORCADWIN\LAYOUT\LIBRARY\JUMPER.LLB
Sun Mar 24 13:30:18 Loaded file C:\ORCADWIN\LAYOUT\LIBRARY\SM.LLB
Sun Mar 24 13:30:18 Loaded file C:\ORCADWIN\LAYOUT\LIBRARY\TM_CAP_P.LLB
Sun Mar 24 13:30:18 Loaded file C:\ORCADWIN\LAYOUT\library\sheet05.llb
Sun Mar 24 13:30:18 Unable to find Alternate Footprint: SOG.050/14/WG.244/L.375
Sun Mar 24 13:30:18 Loaded file C:\ORCADWIN\LAYOUT\LIBRARY\TO.LLB
Sun Mar 24 13:30:18 Loaded file C:\ORCADWIN\LAYOUT\LIBRARY\SOJ.LLB
Sun Mar 24 13:30:18 Loaded file C:\ORCADWIN\LAYOUT\LIBRARY\DIP100T.LLB
Sun Mar 24 13:30:18 Loaded file C:\ORCADWIN\LAYOUT\LIBRARY\DIP100B.LLB
Sun Mar 24 13:30:18 Loaded file C:\ORCADWIN\LAYOUT\LIBRARY\DSUBT.LLB
Sun Mar 24 13:30:18 Loaded file C:\ORCADWIN\LAYOUT\LIBRARY\JUMPER.LLB
Sun Mar 24 13:30:18 Loaded file C:\ORCADWIN\LAYOUT\LIBRARY\SM.LLB
Sun Mar 24 13:30:18 Loaded file C:\ORCADWIN\LAYOUT\LIBRARY\TM_CAP_P.LLB
Sun Mar 24 13:30:18 Loaded file C:\ORCADWIN\LAYOUT\library\sheet05.llb
Sun Mar 24 13:30:18 Unable to find Alternate Footprint: SOG.050/14/WG.244/L.375
Sun Mar 24 13:30:18 Loaded file C:\ORCADWIN\LAYOUT\LIBRARY\TO.LLB
Sun Mar 24 13:30:18 Loaded file C:\ORCADWIN\LAYOUT\LIBRARY\SOJ.LLB
Sun Mar 24 13:30:18 Loaded file C:\ORCADWIN\LAYOUT\LIBRARY\DIP100T.LLB
Sun Mar 24 13:30:18 Loaded file C:\ORCADWIN\LAYOUT\LIBRARY\DIP100B.LLB
Sun Mar 24 13:30:18 Loaded file C:\ORCADWIN\LAYOUT\LIBRARY\DSUBT.LLB
Sun Mar 24 13:30:18 Loaded file C:\ORCADWIN\LAYOUT\LIBRARY\JUMPER.LLB
Sun Mar 24 13:30:18 Loaded file C:\ORCADWIN\LAYOUT\LIBRARY\SM.LLB
Sun Mar 24 13:30:18 Loaded file C:\ORCADWIN\LAYOUT\LIBRARY\TM_CAP_P.LLB
Sun Mar 24 13:30:18 Loaded file C:\ORCADWIN\LAYOUT\library\sheet05.llb
Sun Mar 24 13:30:18 Unable to find Alternate Footprint: SOG.050/14/WG.244/L.375
Sun Mar 24 13:30:18 Loaded file C:\ORCADWIN\LAYOUT\LIBRARY\TO.LLB
Sun Mar 24 13:30:18 Loaded file C:\ORCADWIN\LAYOUT\LIBRARY\SOJ.LLB
Sun Mar 24 13:30:18 Loaded file C:\ORCADWIN\LAYOUT\LIBRARY\DIP100T.LLB
Sun Mar 24 13:30:18 Loaded file C:\ORCADWIN\LAYOUT\LIBRARY\DIP100B.LLB
Sun Mar 24 13:30:18 Loaded file C:\ORCADWIN\LAYOUT\LIBRARY\DSUBT.LLB
Sun Mar 24 13:30:18 Loaded file C:\ORCADWIN\LAYOUT\LIBRARY\JUMPER.LLB
Sun Mar 24 13:30:18 Loaded file C:\ORCADWIN\LAYOUT\LIBRARY\SM.LLB
Sun Mar 24 13:30:18 Loaded file C:\ORCADWIN\LAYOUT\LIBRARY\TM_CAP_P.LLB
Sun Mar 24 13:30:18 Loaded file C:\ORCADWIN\LAYOUT\library\sheet05.llb
Sun Mar 24 13:30:18 Unable to find Alternate Footprint: SOG.050/14/WG.244/L.375
Sun Mar 24 13:30:18 Loaded file C:\ORCADWIN\LAYOUT\LIBRARY\TO.LLB
Sun Mar 24 13:30:18 Loaded file C:\ORCADWIN\LAYOUT\LIBRARY\SOJ.LLB
Sun Mar 24 13:30:18 Loaded file C:\ORCADWIN\LAYOUT\LIBRARY\DIP100T.LLB
Sun Mar 24 13:30:18 Loaded file C:\ORCADWIN\LAYOUT\LIBRARY\DIP100B.LLB
Sun Mar 24 13:30:18 Loaded file C:\ORCADWIN\LAYOUT\LIBRARY\DSUBT.LLB
Sun Mar 24 13:30:18 Loaded file C:\ORCADWIN\LAYOUT\LIBRARY\JUMPER.LLB
Sun Mar 24 13:30:18 Loaded file C:\ORCADWIN\LAYOUT\LIBRARY\SM.LLB
Sun Mar 24 13:30:18 Loaded file C:\ORCADWIN\LAYOUT\LIBRARY\TM_CAP_P.LLB
Sun Mar 24 13:30:18 Loaded file C:\ORCADWIN\LAYOUT\library\sheet05.llb
Sun Mar 24 13:30:18 Unable to find Alternate Footprint: SOG.050/14/WG.244/L.375
Sun Mar 24 13:30:18 Loaded file C:\ORCADWIN\LAYOUT\LIBRARY\TO.LLB
Sun Mar 24 13:30:18 Loaded file C:\ORCADWIN\LAYOUT\LIBRARY\SOJ.LLB
Sun Mar 24 13:30:18 Loaded file C:\ORCADWIN\LAYOUT\LIBRARY\DIP100T.LLB
Sun Mar 24 13:30:18 Loaded file C:\ORCADWIN\LAYOUT\LIBRARY\DIP100B.LLB
Sun Mar 24 13:30:18 Loaded file C:\ORCADWIN\LAYOUT\LIBRARY\DSUBT.LLB
Sun Mar 24 13:30:18 Loaded file C:\ORCADWIN\LAYOUT\LIBRARY\JUMPER.LLB
Sun Mar 24 13:30:18 Loaded file C:\ORCADWIN\LAYOUT\LIBRARY\SM.LLB
Sun Mar 24 13:30:18 Loaded file C:\ORCADWIN\LAYOUT\LIBRARY\TM_CAP_P.LLB
Sun Mar 24 13:30:18 Loaded file C:\ORCADWIN\LAYOUT\library\sheet05.llb
Sun Mar 24 13:30:18 Unable to find Alternate Footprint: SOG.050/14/WG.244/L.375
Sun Mar 24 13:30:18 Loaded file C:\ORCADWIN\LAYOUT\LIBRARY\TO.LLB
Sun Mar 24 13:30:18 Loaded file C:\ORCADWIN\LAYOUT\LIBRARY\SOJ.LLB
Sun Mar 24 13:30:18 Loaded file C:\ORCADWIN\LAYOUT\LIBRARY\DIP100T.LLB
Sun Mar 24 13:30:18 Loaded file C:\ORCADWIN\LAYOUT\LIBRARY\DIP100B.LLB
Sun Mar 24 13:30:18 Loaded file C:\ORCADWIN\LAYOUT\LIBRARY\DSUBT.LLB
Sun Mar 24 13:30:18 Loaded file C:\ORCADWIN\LAYOUT\LIBRARY\JUMPER.LLB
Sun Mar 24 13:30:18 Loaded file C:\ORCADWIN\LAYOUT\LIBRARY\SM.LLB
Sun Mar 24 13:30:18 Loaded file C:\ORCADWIN\LAYOUT\LIBRARY\TM_CAP_P.LLB
Sun Mar 24 13:30:18 Loaded file C:\ORCADWIN\LAYOUT\library\sheet05.llb
Sun Mar 24 13:30:18 Unable to find Alternate Footprint: SOG.050/14/WG.244/L.375
Sun Mar 24 13:30:18 Loaded file C:\ORCADWIN\LAYOUT\LIBRARY\TO.LLB
Sun Mar 24 13:30:18 Loaded file C:\ORCADWIN\LAYOUT\LIBRARY\SOJ.LLB
Sun Mar 24 13:30:18 Loaded file C:\ORCADWIN\LAYOUT\LIBRARY\DIP100T.LLB
Sun Mar 24 13:30:18 Loaded file C:\ORCADWIN\LAYOUT\LIBRARY\DIP100B.LLB
Sun Mar 24 13:30:18 Loaded file C:\ORCADWIN\LAYOUT\LIBRARY\DSUBT.LLB
Sun Mar 24 13:30:18 Loaded file C:\ORCADWIN\LAYOUT\LIBRARY\JUMPER.LLB
Sun Mar 24 13:30:18 Loaded file C:\ORCADWIN\LAYOUT\LIBRARY\SM.LLB
Sun Mar 24 13:30:18 Loaded file C:\ORCADWIN\LAYOUT\LIBRARY\TM_CAP_P.LLB
Sun Mar 24 13:30:18 Loaded file C:\ORCADWIN\LAYOUT\library\sheet05.llb
Sun Mar 24 13:30:18 Unable to find Alternate Footprint: SOG.050/14/WG.244/L.375
Sun Mar 24 13:30:18 Loaded file C:\ORCADWIN\LAYOUT\LIBRARY\TO.LLB
Sun Mar 24 13:30:18 Loaded file C:\ORCADWIN\LAYOUT\LIBRARY\SOJ.LLB
Sun Mar 24 13:30:18 Loaded file C:\ORCADWIN\LAYOUT\LIBRARY\DIP100T.LLB
Sun Mar 24 13:30:18 Loaded file C:\ORCADWIN\LAYOUT\LIBRARY\DIP100B.LLB
Sun Mar 24 13:30:18 Loaded file C:\ORCADWIN\LAYOUT\LIBRARY\DSUBT.LLB
Sun Mar 24 13:30:18 Loaded file C:\ORCADWIN\LAYOUT\LIBRARY\JUMPER.LLB
Sun Mar 24 13:30:18 Loaded file C:\ORCADWIN\LAYOUT\LIBRARY\SM.LLB
Sun Mar 24 13:30:18 Loaded file C:\ORCADWIN\LAYOUT\LIBRARY\TM_CAP_P.LLB
Sun Mar 24 13:30:18 Loaded file C:\ORCADWIN\LAYOUT\library\sheet05.llb
Sun Mar 24 13:30:18 Unable to find Alternate Footprint: SOG.050/14/WG.244/L.375
Sun Mar 24 13:30:18 Loaded file C:\ORCADWIN\LAYOUT\LIBRARY\TO.LLB
Sun Mar 24 13:30:18 Loaded file C:\ORCADWIN\LAYOUT\LIBRARY\SOJ.LLB
Sun Mar 24 13:30:18 Loaded file C:\ORCADWIN\LAYOUT\LIBRARY\DIP100T.LLB
Sun Mar 24 13:30:18 Loaded file C:\ORCADWIN\LAYOUT\LIBRARY\DIP100B.LLB
Sun Mar 24 13:30:18 Loaded file C:\ORCADWIN\LAYOUT\LIBRARY\DSUBT.LLB
Sun Mar 24 13:30:18 Loaded file C:\ORCADWIN\LAYOUT\LIBRARY\JUMPER.LLB
Sun Mar 24 13:30:18 Loaded file C:\ORCADWIN\LAYOUT\LIBRARY\SM.LLB
Sun Mar 24 13:30:18 Loaded file C:\ORCADWIN\LAYOUT\LIBRARY\TM_CAP_P.LLB
Sun Mar 24 13:30:18 Loaded file C:\ORCADWIN\LAYOUT\library\sheet05.llb
Sun Mar 24 13:30:18 Unable to find Alternate Footprint: SOG.050/14/WG.244/L.375
Sun Mar 24 13:30:18 Loaded file C:\ORCADWIN\LAYOUT\LIBRARY\TO.LLB
Sun Mar 24 13:30:18 Loaded file C:\ORCADWIN\LAYOUT\LIBRARY\SOJ.LLB
Sun Mar 24 13:30:18 Loaded file C:\ORCADWIN\LAYOUT\LIBRARY\DIP100T.LLB
Sun Mar 24 13:30:18 Loaded file C:\ORCADWIN\LAYOUT\LIBRARY\DIP100B.LLB
Sun Mar 24 13:30:18 Loaded file C:\ORCADWIN\LAYOUT\LIBRARY\DSUBT.LLB
Sun Mar 24 13:30:18 Loaded file C:\ORCADWIN\LAYOUT\LIBRARY\JUMPER.LLB
Sun Mar 24 13:30:18 Loaded file C:\ORCADWIN\LAYOUT\LIBRARY\SM.LLB
Sun Mar 24 13:30:18 Loaded file C:\ORCADWIN\LAYOUT\LIBRARY\TM_CAP_P.LLB
Sun Mar 24 13:30:18 Loaded file C:\ORCADWIN\LAYOUT\library\sheet05.llb
Sun Mar 24 13:30:18 Unable to find Alternate Footprint: SOG.050/14/WG.244/L.375
Sun Mar 24 13:30:18 Loaded file C:\ORCADWIN\LAYOUT\LIBRARY\TO.LLB
Sun Mar 24 13:30:18 Loaded file C:\ORCADWIN\LAYOUT\LIBRARY\SOJ.LLB
Sun Mar 24 13:30:18 Loaded file C:\ORCADWIN\LAYOUT\LIBRARY\DIP100T.LLB
Sun Mar 24 13:30:18 Loaded file C:\ORCADWIN\LAYOUT\LIBRARY\DIP100B.LLB
Sun Mar 24 13:30:18 Loaded file C:\ORCADWIN\LAYOUT\LIBRARY\DSUBT.LLB
Sun Mar 24 13:30:18 Loaded file C:\ORCADWIN\LAYOUT\LIBRARY\JUMPER.LLB
Sun Mar 24 13:30:18 Loaded file C:\ORCADWIN\LAYOUT\LIBRARY\SM.LLB
Sun Mar 24 13:30:18 Loaded file C:\ORCADWIN\LAYOUT\LIBRARY\TM_CAP_P.LLB
Sun Mar 24 13:30:18 Loaded file C:\ORCADWIN\LAYOUT\library\sheet05.llb
Sun Mar 24 13:30:18 Unable to find Alternate Footprint: SOG.050/14/WG.244/L.375
Sun Mar 24 13:30:18 Loaded file C:\ORCADWIN\LAYOUT\LIBRARY\TO.LLB
Sun Mar 24 13:30:18 Loaded file C:\ORCADWIN\LAYOUT\LIBRARY\SOJ.LLB
Sun Mar 24 13:30:18 Loaded file C:\ORCADWIN\LAYOUT\LIBRARY\DIP100T.LLB
Sun Mar 24 13:30:18 Loaded file C:\ORCADWIN\LAYOUT\LIBRARY\DIP100B.LLB
Sun Mar 24 13:30:18 Loaded file C:\ORCADWIN\LAYOUT\LIBRARY\DSUBT.LLB
Sun Mar 24 13:30:18 Loaded file C:\ORCADWIN\LAYOUT\LIBRARY\JUMPER.LLB
Sun Mar 24 13:30:18 Loaded file C:\ORCADWIN\LAYOUT\LIBRARY\SM.LLB
Sun Mar 24 13:30:18 Loaded file C:\ORCADWIN\LAYOUT\LIBRARY\TM_CAP_P.LLB
Sun Mar 24 13:30:18 Loaded file C:\ORCADWIN\LAYOUT\library\sheet05.llb
Sun Mar 24 13:30:18 Unable to find Alternate Footprint: SOG.050/14/WG.244/L.375
Sun Mar 24 13:30:18 Loaded file C:\ORCADWIN\LAYOUT\LIBRARY\TO.LLB
Sun Mar 24 13:30:18 Loaded file C:\ORCADWIN\LAYOUT\LIBRARY\SOJ.LLB
Sun Mar 24 13:30:18 Loaded file C:\ORCADWIN\LAYOUT\LIBRARY\DIP100T.LLB
Sun Mar 24 13:30:18 Loaded file C:\ORCADWIN\LAYOUT\LIBRARY\DIP100B.LLB
Sun Mar 24 13:30:18 Loaded file C:\ORCADWIN\LAYOUT\LIBRARY\DSUBT.LLB
Sun Mar 24 13:30:18 Loaded file C:\ORCADWIN\LAYOUT\LIBRARY\JUMPER.LLB
Sun Mar 24 13:30:18 Loaded file C:\ORCADWIN\LAYOUT\LIBRARY\SM.LLB
Sun Mar 24 13:30:18 Loaded file C:\ORCADWIN\LAYOUT\LIBRARY\TM_CAP_P.LLB
Sun Mar 24 13:30:18 Loaded file C:\ORCADWIN\LAYOUT\library\sheet05.llb
Sun Mar 24 13:30:18 Unable to find Alternate Footprint: SOG.050/14/WG.244/L.375
Sun Mar 24 13:30:18 Loaded file C:\ORCADWIN\LAYOUT\LIBRARY\TO.LLB
Sun Mar 24 13:30:18 Loaded file C:\ORCADWIN\LAYOUT\LIBRARY\SOJ.LLB
Sun Mar 24 13:30:18 Loaded file C:\ORCADWIN\LAYOUT\LIBRARY\DIP100T.LLB
Sun Mar 24 13:30:18 Loaded file C:\ORCADWIN\LAYOUT\LIBRARY\DIP100B.LLB
Sun Mar 24 13:30:18 Loaded file C:\ORCADWIN\LAYOUT\LIBRARY\DSUBT.LLB
Sun Mar 24 13:30:18 Loaded file C:\ORCADWIN\LAYOUT\LIBRARY\JUMPER.LLB
Sun Mar 24 13:30:18 Loaded file C:\ORCADWIN\LAYOUT\LIBRARY\SM.LLB
Sun Mar 24 13:30:18 Loaded file C:\ORCADWIN\LAYOUT\LIBRARY\TM_CAP_P.LLB
Sun Mar 24 13:30:18 Loaded file C:\ORCADWIN\LAYOUT\library\sheet05.llb
Sun Mar 24 13:30:18 Unable to find Alternate Footprint: SOG.050/14/WG.244/L.375
Sun Mar 24 13:30:18 Loaded file C:\ORCADWIN\LAYOUT\LIBRARY\TO.LLB
Sun Mar 24 13:30:18 Loaded file C:\ORCADWIN\LAYOUT\LIBRARY\SOJ.LLB
Sun Mar 24 13:30:18 Loaded file C:\ORCADWIN\LAYOUT\LIBRARY\DIP100T.LLB
Sun Mar 24 13:30:18 Loaded file C:\ORCADWIN\LAYOUT\LIBRARY\DIP100B.LLB
Sun Mar 24 13:30:18 Loaded file C:\ORCADWIN\LAYOUT\LIBRARY\DSUBT.LLB
Sun Mar 24 13:30:18 Loaded file C:\ORCADWIN\LAYOUT\LIBRARY\JUMPER.LLB
Sun Mar 24 13:30:18 Loaded file C:\ORCADWIN\LAYOUT\LIBRARY\SM.LLB
Sun Mar 24 13:30:18 Loaded file C:\ORCADWIN\LAYOUT\LIBRARY\TM_CAP_P.LLB
Sun Mar 24 13:30:18 Loaded file C:\ORCADWIN\LAYOUT\library\sheet05.llb
Sun Mar 24 13:30:18 Unable to find Alternate Footprint: SOG.050/14/WG.244/L.375
Sun Mar 24 13:30:18 Loaded file C:\ORCADWIN\LAYOUT\LIBRARY\TO.LLB
Sun Mar 24 13:30:18 Loaded file C:\ORCADWIN\LAYOUT\LIBRARY\SOJ.LLB
Sun Mar 24 13:30:18 Loaded file C:\ORCADWIN\LAYOUT\LIBRARY\DIP100T.LLB
Sun Mar 24 13:30:18 Loaded file C:\ORCADWIN\LAYOUT\LIBRARY\DIP100B.LLB
Sun Mar 24 13:30:18 Loaded file C:\ORCADWIN\LAYOUT\LIBRARY\DSUBT.LLB
Sun Mar 24 13:30:18 Loaded file C:\ORCADWIN\LAYOUT\LIBRARY\JUMPER.LLB
Sun Mar 24 13:30:18 Loaded file C:\ORCADWIN\LAYOUT\LIBRARY\SM.LLB
Sun Mar 24 13:30:18 Loaded file C:\ORCADWIN\LAYOUT\LIBRARY\TM_CAP_P.LLB
Sun Mar 24 13:30:18 Loaded file C:\ORCADWIN\LAYOUT\library\sheet05.llb
Sun Mar 24 13:30:18 Unable to find Alternate Footprint: SOG.050/14/WG.244/L.375
Sun Mar 24 13:30:18 Loaded file C:\ORCADWIN\LAYOUT\LIBRARY\TO.LLB
Sun Mar 24 13:30:18 Loaded file C:\ORCADWIN\LAYOUT\LIBRARY\SOJ.LLB
Sun Mar 24 13:30:18 Loaded file C:\ORCADWIN\LAYOUT\LIBRARY\DIP100T.LLB
Sun Mar 24 13:30:18 Loaded file C:\ORCADWIN\LAYOUT\LIBRARY\DIP100B.LLB
Sun Mar 24 13:30:18 Loaded file C:\ORCADWIN\LAYOUT\LIBRARY\DSUBT.LLB
Sun Mar 24 13:30:18 Loaded file C:\ORCADWIN\LAYOUT\LIBRARY\JUMPER.LLB
Sun Mar 24 13:30:18 Loaded file C:\ORCADWIN\LAYOUT\LIBRARY\SM.LLB
Sun Mar 24 13:30:18 Loaded file C:\ORCADWIN\LAYOUT\LIBRARY\TM_CAP_P.LLB
Sun Mar 24 13:30:18 Loaded file C:\ORCADWIN\LAYOUT\library\sheet05.llb
Sun Mar 24 13:30:18 Unable to find Alternate Footprint: SOG.050/14/WG.244/L.375
Sun Mar 24 13:30:18 Loaded file C:\ORCADWIN\LAYOUT\LIBRARY\TO.LLB
Sun Mar 24 13:30:18 Loaded file C:\ORCADWIN\LAYOUT\LIBRARY\SOJ.LLB
Sun Mar 24 13:30:18 Loaded file C:\ORCADWIN\LAYOUT\LIBRARY\DIP100T.LLB
Sun Mar 24 13:30:18 Loaded file C:\ORCADWIN\LAYOUT\LIBRARY\DIP100B.LLB
Sun Mar 24 13:30:18 Loaded file C:\ORCADWIN\LAYOUT\LIBRARY\DSUBT.LLB
Sun Mar 24 13:30:18 Loaded file C:\ORCADWIN\LAYOUT\LIBRARY\JUMPER.LLB
Sun Mar 24 13:30:18 Loaded file C:\ORCADWIN\LAYOUT\LIBRARY\SM.LLB
Sun Mar 24 13:30:18 Loaded file C:\ORCADWIN\LAYOUT\LIBRARY\TM_CAP_P.LLB
Sun Mar 24 13:30:18 Loaded file C:\ORCADWIN\LAYOUT\library\sheet05.llb
Sun Mar 24 13:30:18 Unable to find Alternate Footprint: SOG.050/14/WG.244/L.375
Sun Mar 24 13:30:18 Loaded file C:\ORCADWIN\LAYOUT\LIBRARY\TO.LLB
Sun Mar 24 13:30:18 Loaded file C:\ORCADWIN\LAYOUT\LIBRARY\SOJ.LLB
Sun Mar 24 13:30:18 Loaded file C:\ORCADWIN\LAYOUT\LIBRARY\DIP100T.LLB
Sun Mar 24 13:30:18 Loaded file C:\ORCADWIN\LAYOUT\LIBRARY\DIP100B.LLB
Sun Mar 24 13:30:18 Loaded file C:\ORCADWIN\LAYOUT\LIBRARY\DSUBT.LLB
Sun Mar 24 13:30:18 Loaded file C:\ORCADWIN\LAYOUT\LIBRARY\JUMPER.LLB
Sun Mar 24 13:30:18 Loaded file C:\ORCADWIN\LAYOUT\LIBRARY\SM.LLB
Sun Mar 24 13:30:18 Loaded file C:\ORCADWIN\LAYOUT\LIBRARY\TM_CAP_P.LLB
Sun Mar 24 13:30:18 Loaded file C:\ORCADWIN\LAYOUT\library\sheet05.llb
Sun Mar 24 13:30:18 Unable to find Alternate Footprint: SOG.050/14/WG.244/L.375
Sun Mar 24 13:30:18 Loaded file C:\ORCADWIN\LAYOUT\LIBRARY\TO.LLB
Sun Mar 24 13:30:18 Loaded file C:\ORCADWIN\LAYOUT\LIBRARY\SOJ.LLB
Sun Mar 24 13:30:18 Loaded file C:\ORCADWIN\LAYOUT\LIBRARY\DIP100T.LLB
Sun Mar 24 13:30:18 Loaded file C:\ORCADWIN\LAYOUT\LIBRARY\DIP100B.LLB
Sun Mar 24 13:30:18 Loaded file C:\ORCADWIN\LAYOUT\LIBRARY\DSUBT.LLB
Sun Mar 24 13:30:18 Loaded file C:\ORCADWIN\LAYOUT\LIBRARY\JUMPER.LLB
Sun Mar 24 13:30:18 Loaded file C:\ORCADWIN\LAYOUT\LIBRARY\SM.LLB
Sun Mar 24 13:30:18 Loaded file C:\ORCADWIN\LAYOUT\LIBRARY\TM_CAP_P.LLB
Sun Mar 24 13:30:18 Loaded file C:\ORCADWIN\LAYOUT\library\sheet05.llb
Sun Mar 24 13:30:18 Unable to find Alternate Footprint: SOG.050/14/WG.244/L.375
Sun Mar 24 13:30:18 Loaded file C:\ORCADWIN\LAYOUT\LIBRARY\TO.LLB
Sun Mar 24 13:30:18 Loaded file C:\ORCADWIN\LAYOUT\LIBRARY\SOJ.LLB
Sun Mar 24 13:30:18 Loaded file C:\ORCADWIN\LAYOUT\LIBRARY\DIP100T.LLB
Sun Mar 24 13:30:18 Loaded file C:\ORCADWIN\LAYOUT\LIBRARY\DIP100B.LLB
Sun Mar 24 13:30:18 Loaded file C:\ORCADWIN\LAYOUT\LIBRARY\DSUBT.LLB
Sun Mar 24 13:30:18 Loaded file C:\ORCADWIN\LAYOUT\LIBRARY\JUMPER.LLB
Sun Mar 24 13:30:18 Loaded file C:\ORCADWIN\LAYOUT\LIBRARY\SM.LLB
Sun Mar 24 13:30:18 Loaded file C:\ORCADWIN\LAYOUT\LIBRARY\TM_CAP_P.LLB
Sun Mar 24 13:30:18 Loaded file C:\ORCADWIN\LAYOUT\library\sheet05.llb
Sun Mar 24 13:30:18 Unable to find Alternate Footprint: SOG.050/14/WG.244/L.375
Sun Mar 24 13:30:18 Loaded file C:\ORCADWIN\LAYOUT\LIBRARY\TO.LLB
Sun Mar 24 13:30:18 Loaded file C:\ORCADWIN\LAYOUT\LIBRARY\SOJ.LLB
Sun Mar 24 13:30:18 Loaded file C:\ORCADWIN\LAYOUT\LIBRARY\DIP100T.LLB
Sun Mar 24 13:30:18 Loaded file C:\ORCADWIN\LAYOUT\LIBRARY\DIP100B.LLB
Sun Mar 24 13:30:18 Loaded file C:\ORCADWIN\LAYOUT\LIBRARY\DSUBT.LLB
Sun Mar 24 13:30:18 Loaded file C:\ORCADWIN\LAYOUT\LIBRARY\JUMPER.LLB
Sun Mar 24 13:30:18 Loaded file C:\ORCADWIN\LAYOUT\LIBRARY\SM.LLB
Sun Mar 24 13:30:18 Loaded file C:\ORCADWIN\LAYOUT\LIBRARY\TM_CAP_P.LLB
Sun Mar 24 13:30:18 Loaded file C:\ORCADWIN\LAYOUT\library\sheet05.llb
Sun Mar 24 13:30:18 Unable to find Alternate Footprint: SOG.050/14/WG.244/L.375
Sun Mar 24 13:30:18 Loaded file C:\ORCADWIN\LAYOUT\LIBRARY\TO.LLB
Sun Mar 24 13:30:18 Loaded file C:\ORCADWIN\LAYOUT\LIBRARY\SOJ.LLB
Sun Mar 24 13:30:18 Loaded file C:\ORCADWIN\LAYOUT\LIBRARY\DIP100T.LLB
Sun Mar 24 13:30:18 Loaded file C:\ORCADWIN\LAYOUT\LIBRARY\DIP100B.LLB
Sun Mar 24 13:30:18 Loaded file C:\ORCADWIN\LAYOUT\LIBRARY\DSUBT.LLB
Sun Mar 24 13:30:18 Loaded file C:\ORCADWIN\LAYOUT\LIBRARY\JUMPER.LLB
Sun Mar 24 13:30:18 Loaded file C:\ORCADWIN\LAYOUT\LIBRARY\SM.LLB
Sun Mar 24 13:30:18 Loaded file C:\ORCADWIN\LAYOUT\LIBRARY\TM_CAP_P.LLB
Sun Mar 24 13:30:18 Loaded file C:\ORCADWIN\LAYOUT\library\sheet05.llb
Sun Mar 24 13:30:18 Unable to find Alternate Footprint: SOG.050/14/WG.244/L.375
Sun Mar 24 13:30:18 Loaded file C:\ORCADWIN\LAYOUT\LIBRARY\TO.LLB
Sun Mar 24 13:30:18 Loaded file C:\ORCADWIN\LAYOUT\LIBRARY\SOJ.LLB
Sun Mar 24 13:30:18 Loaded file C:\ORCADWIN\LAYOUT\LIBRARY\DIP100T.LLB
Sun Mar 24 13:30:18 Loaded file C:\ORCADWIN\LAYOUT\LIBRARY\DIP100B.LLB
Sun Mar 24 13:30:18 Loaded file C:\ORCADWIN\LAYOUT\LIBRARY\DSUBT.LLB
Sun Mar 24 13:30:18 Loaded file C:\ORCADWIN\LAYOUT\LIBRARY\JUMPER.LLB
Sun Mar 24 13:30:18 Loaded file C:\ORCADWIN\LAYOUT\LIBRARY\SM.LLB
Sun Mar 24 13:30:18 Loaded file C:\ORCADWIN\LAYOUT\LIBRARY\TM_CAP_P.LLB
Sun Mar 24 13:30:18 Loaded file C:\ORCADWIN\LAYOUT\library\sheet05.llb
Sun Mar 24 13:30:18 Unable to find Alternate Footprint: SOG.050/14/WG.244/L.375
Sun Mar 24 13:30:18 Loaded file C:\ORCADWIN\LAYOUT\LIBRARY\TO.LLB
Sun Mar 24 13:30:18 Loaded file C:\ORCADWIN\LAYOUT\LIBRARY\SOJ.LLB
Sun Mar 24 13:30:18 Loaded file C:\ORCADWIN\LAYOUT\LIBRARY\DIP100T.LLB
Sun Mar 24 13:30:18 Loaded file C:\ORCADWIN\LAYOUT\LIBRARY\DIP100B.LLB
Sun Mar 24 13:30:18 Loaded file C:\ORCADWIN\LAYOUT\LIBRARY\DSUBT.LLB
Sun Mar 24 13:30:18 Loaded file C:\ORCADWIN\LAYOUT\LIBRARY\JUMPER.LLB
Sun Mar 24 13:30:18 Loaded file C:\ORCADWIN\LAYOUT\LIBRARY\SM.LLB
Sun Mar 24 13:30:18 Loaded file C:\ORCADWIN\LAYOUT\LIBRARY\TM_CAP_P.LLB
Sun Mar 24 13:30:18 Loaded file C:\ORCADWIN\LAYOUT\library\sheet05.llb
Sun Mar 24 13:30:18 Unable to find Alternate Footprint: SOG.050/14/WG.244/L.375
Sun Mar 24 13:30:18 Loaded file C:\ORCADWIN\LAYOUT\LIBRARY\TO.LLB
Sun Mar 24 13:30:18 Loaded file C:\ORCADWIN\LAYOUT\LIBRARY\SOJ.LLB
Sun Mar 24 13:30:18 Loaded file C:\ORCADWIN\LAYOUT\LIBRARY\DIP100T.LLB
Sun Mar 24 13:30:18 Loaded file C:\ORCADWIN\LAYOUT\LIBRARY\DIP100B.LLB
Sun Mar 24 13:30:18 Loaded file C:\ORCADWIN\LAYOUT\LIBRARY\DSUBT.LLB
Sun Mar 24 13:30:18 Loaded file C:\ORCADWIN\LAYOUT\LIBRARY\JUMPER.LLB
Sun Mar 24 13:30:18 Loaded file C:\ORCADWIN\LAYOUT\LIBRARY\SM.LLB
Sun Mar 24 13:30:18 Loaded file C:\ORCADWIN\LAYOUT\LIBRARY\TM_CAP_P.LLB
Sun Mar 24 13:30:18 Loaded file C:\ORCADWIN\LAYOUT\library\sheet05.llb
Sun Mar 24 13:30:18 Unable to find Alternate Footprint: SOG.050/14/WG.244/L.375
Sun Mar 24 13:30:18 Loaded file C:\ORCADWIN\LAYOUT\LIBRARY\TO.LLB
Sun Mar 24 13:30:18 Loaded file C:\ORCADWIN\LAYOUT\LIBRARY\SOJ.LLB
Sun Mar 24 13:30:18 Loaded file C:\ORCADWIN\LAYOUT\LIBRARY\DIP100T.LLB
Sun Mar 24 13:30:18 Loaded file C:\ORCADWIN\LAYOUT\LIBRARY\DIP100B.LLB
Sun Mar 24 13:30:18 Loaded file C:\ORCADWIN\LAYOUT\LIBRARY\DSUBT.LLB
Sun Mar 24 13:30:18 Loaded file C:\ORCADWIN\LAYOUT\LIBRARY\JUMPER.LLB
Sun Mar 24 13:30:18 Loaded file C:\ORCADWIN\LAYOUT\LIBRARY\SM.LLB
Sun Mar 24 13:30:18 Loaded file C:\ORCADWIN\LAYOUT\LIBRARY\TM_CAP_P.LLB
Sun Mar 24 13:30:18 Loaded file C:\ORCADWIN\LAYOUT\library\sheet05.llb
Sun Mar 24 13:30:18 Unable to find Alternate Footprint: SOG.050/14/WG.244/L.375
Sun Mar 24 13:30:18 Loaded file C:\ORCADWIN\LAYOUT\LIBRARY\TO.LLB
Sun Mar 24 13:30:18 Loaded file C:\ORCADWIN\LAYOUT\LIBRARY\SOJ.LLB
Sun Mar 24 13:30:18 Loaded file C:\ORCADWIN\LAYOUT\LIBRARY\DIP100T.LLB
Sun Mar 24 13:30:18 Loaded file C:\ORCADWIN\LAYOUT\LIBRARY\DIP100B.LLB
Sun Mar 24 13:30:18 Loaded file C:\ORCADWIN\LAYOUT\LIBRARY\DSUBT.LLB
Sun Mar 24 13:30:18 Loaded file C:\ORCADWIN\LAYOUT\LIBRARY\JUMPER.LLB
Sun Mar 24 13:30:18 Loaded file C:\ORCADWIN\LAYOUT\LIBRARY\SM.LLB
Sun Mar 24 13:30:18 Loaded file C:\ORCADWIN\LAYOUT\LIBRARY\TM_CAP_P.LLB
Sun Mar 24 13:30:18 Loaded file C:\ORCADWIN\LAYOUT\library\sheet05.llb
Sun Mar 24 13:30:18 Unable to find Alternate Footprint: SOG.050/14/WG.244/L.375
Sun Mar 24 13:30:18 Saved as file C:\DOCUMENTS AND SETTINGS\TASOS\LAB3\LAYOUT-1LAYER\DESIGN1.MAX
Sun Mar 24 13:30:18 Loaded file C:\DOCUMENTS AND SETTINGS\TASOS\LAB3\LAYOUT-1LAYER\DESIGN1.MAX
Sun Mar 24 13:30:52 Saved as file BACKUP1.MAX
Sun Mar 24 13:30:52 Saved as file PLACE1.MAX
Sun Mar 24 13:30:52 Saved as file PLACE2.MAX
Sun Mar 24 13:30:52 Saved as file PLACE3.MAX
Sun Mar 24 13:30:52 Batch place completed in 00:00:00
Sun Mar 24 13:32:26 Saved as file BACKUP1.MAX
Sun Mar 24 13:32:26 Saved as file BACKUP1.MAX
Sun Mar 24 13:32:26 Saved as file BACKUP1.MAX
Sun Mar 24 13:32:26 Saved as file BACKUP1.MAX
Sun Mar 24 13:32:26 Saved as file BACKUP1.MAX
Sun Mar 24 13:32:26 Routed 24 connections in 0 seconds.
Sun Mar 24 13:32:26 Total is now 24 out of 156 (15%).
Sun Mar 24 13:32:26 Saved as file SWEEP1.MAX
Sun Mar 24 13:32:26 Saved as file BACKUP1.MAX
Sun Mar 24 13:32:26 Saved as file BACKUP1.MAX
Sun Mar 24 13:32:26 Saved as file BACKUP1.MAX
Sun Mar 24 13:32:29 Saved as file BACKUP1.MAX
Sun Mar 24 13:32:34 Saved as file BACKUP1.MAX
Sun Mar 24 13:32:34 Routed 113 connections in 7 seconds.
Sun Mar 24 13:32:34 Total is now 119 out of 156 (76%).
Sun Mar 24 13:32:34 Saved as file SWEEP2.MAX
Sun Mar 24 13:32:52 Routed 3 connections in 18 seconds.
Sun Mar 24 13:32:52 Total is now 122 out of 156 (78%).
Sun Mar 24 13:32:52 Saved as file SWEEP3.MAX
Sun Mar 24 13:35:03 Saved as file BACKUP1.MAX
Sun Mar 24 13:35:03 Saved as file BACKUP1.MAX
Sun Mar 24 13:35:03 Saved as file BACKUP1.MAX
Sun Mar 24 13:35:03 Saved as file BACKUP1.MAX
Sun Mar 24 13:35:03 Saved as file BACKUP1.MAX
Sun Mar 24 13:35:03 Saved as file BACKUP1.MAX
Sun Mar 24 13:35:03 No new connections routed.
Sun Mar 24 13:35:03 Total is now 0 out of 156 (0%).
Sun Mar 24 13:35:03 Saved as file SWEEP1.MAX
Sun Mar 24 13:35:03 Saved as file BACKUP1.MAX
Sun Mar 24 13:35:03 Saved as file BACKUP1.MAX
Sun Mar 24 13:35:05 Error code 2160.400 (0)
Sun Mar 24 13:35:05 Saved as file Backup0.max
Sun Mar 24 13:35:05 Windows which were open at time of error:
Sun Mar 24 13:35:05 	ActiveWindow: &Route
Sun Mar 24 13:35:05 	Icon: &Components
Sun Mar 24 13:35:05 	Icon: &Nets
Sun Mar 24 13:35:05 	Icon: Post Proces&s
Sun Mar 24 13:35:05 End-of-list
Sun Mar 24 13:35:05 Loaded file BACKUP0.MAX
Sun Mar 24 13:35:09 Routed 23 connections in 3 seconds.
Sun Mar 24 13:35:09 Total is now 27 out of 156 (17%).
Sun Mar 24 13:35:29 Saved as file BACKUP1.MAX
Sun Mar 24 13:35:29 Saved as file PLACE1.MAX
Sun Mar 24 13:35:29 Saved as file PLACE2.MAX
Sun Mar 24 13:35:29 Saved as file PLACE3.MAX
Sun Mar 24 13:35:29 Batch place completed in 00:00:00
Sun Mar 24 13:37:46 Saved as file BACKUP1.MAX
Sun Mar 24 13:37:46 Saved as file BACKUP1.MAX
Sun Mar 24 13:37:46 Saved as file BACKUP1.MAX
Sun Mar 24 13:37:46 Saved as file BACKUP1.MAX
Sun Mar 24 13:37:46 Saved as file BACKUP1.MAX
Sun Mar 24 13:37:46 Saved as file BACKUP1.MAX
Sun Mar 24 13:37:46 Routed 32 connections in 0 seconds.
Sun Mar 24 13:37:46 Total is now 32 out of 156 (20%).
Sun Mar 24 13:37:46 Saved as file SWEEP1.MAX
Sun Mar 24 13:37:53 Saved as file BACKUP1.MAX
Sun Mar 24 13:37:53 Saved as file BACKUP1.MAX
Sun Mar 24 13:37:53 Saved as file BACKUP1.MAX
Sun Mar 24 13:37:53 Saved as file BACKUP1.MAX
Sun Mar 24 13:37:53 Saved as file BACKUP1.MAX
Sun Mar 24 13:37:53 Saved as file BACKUP1.MAX
Sun Mar 24 13:37:53 Routed 80 connections in 7 seconds.
Sun Mar 24 13:37:53 Total is now 97 out of 156 (62%).
Sun Mar 24 13:37:53 Saved as file SWEEP2.MAX
Sun Mar 24 13:38:25 Routed 10 connections in 31 seconds.
Sun Mar 24 13:38:25 Total is now 107 out of 156 (68%).
Sun Mar 24 13:38:25 Saved as file SWEEP3.MAX
Sun Mar 24 13:40:39 Saved as file BACKUP1.MAX
Sun Mar 24 13:40:39 Saved as file PLACE1.MAX
Sun Mar 24 13:40:39 Saved as file PLACE2.MAX
Sun Mar 24 13:40:39 Saved as file PLACE3.MAX
Sun Mar 24 13:40:39 Batch place completed in 00:00:00
Sun Mar 24 13:41:18 Saved as file BACKUP1.MAX
Sun Mar 24 13:41:18 Saved as file BACKUP1.MAX
Sun Mar 24 13:41:18 Saved as file BACKUP1.MAX
Sun Mar 24 13:41:18 Saved as file BACKUP1.MAX
Sun Mar 24 13:41:18 Saved as file BACKUP1.MAX
Sun Mar 24 13:41:18 Saved as file BACKUP1.MAX
Sun Mar 24 13:41:18 Routed 24 connections in 0 seconds.
Sun Mar 24 13:41:18 Total is now 24 out of 156 (15%).
Sun Mar 24 13:41:18 Saved as file SWEEP1.MAX
Sun Mar 24 13:41:18 Saved as file BACKUP1.MAX
Sun Mar 24 13:41:18 Saved as file BACKUP1.MAX
Sun Mar 24 13:41:19 Saved as file BACKUP1.MAX
Sun Mar 24 13:41:19 Saved as file BACKUP1.MAX
Sun Mar 24 13:41:19 Saved as file BACKUP1.MAX
Sun Mar 24 13:41:19 Saved as file BACKUP1.MAX
Sun Mar 24 13:41:19 Saved as file BACKUP1.MAX
Sun Mar 24 13:41:19 Routed 66 connections in 1 seconds.
Sun Mar 24 13:41:19 Total is now 70 out of 156 (44%).
Sun Mar 24 13:41:19 Saved as file SWEEP2.MAX
Sun Mar 24 13:41:51 Routed 42 connections in 31 seconds.
Sun Mar 24 13:41:51 Total is now 112 out of 156 (71%).
Sun Mar 24 13:41:51 Saved as file SWEEP3.MAX
Sun Mar 24 13:44:13 Saved as file C:\DOCUMENTS AND SETTINGS\TASOS\LAB3\LAYOUT-1LAYER\DESIGN1.MAX
