Tue Mar 12 17:59:05 Saved as file C:\DOCUMENTS AND SETTINGS\TASOS\LAB3\LAYOUT\DESIGN1.MAX
Tue Mar 12 17:59:05 Saved as file BACKUP1.MAX
Tue Mar 12 17:59:05 Saved as file C:\DOCUMENTS AND SETTINGS\TASOS\LAB3\LAYOUT\DESIGN1.MAX
Tue Mar 12 17:59:06 UserDiv from Layout.INI for AutoECO: 60
Tue Mar 12 17:59:06 Loaded file C:\DOCUMENTS AND SETTINGS\TASOS\LAB3\LAYOUT\DESIGN1.MAX
Tue Mar 12 17:59:06 Loaded file C:\ORCADWIN\LAYOUT\LIBRARY\TO.LLB
Tue Mar 12 17:59:06 Loaded file C:\ORCADWIN\LAYOUT\LIBRARY\SOJ.LLB
Tue Mar 12 17:59:06 Loaded file C:\ORCADWIN\LAYOUT\LIBRARY\DIP100T.LLB
Tue Mar 12 17:59:06 Loaded file C:\ORCADWIN\LAYOUT\LIBRARY\DIP100B.LLB
Tue Mar 12 17:59:06 Loaded file C:\ORCADWIN\LAYOUT\LIBRARY\DSUBT.LLB
Tue Mar 12 17:59:06 Loaded file C:\ORCADWIN\LAYOUT\LIBRARY\JUMPER.LLB
Tue Mar 12 17:59:06 Loaded file C:\ORCADWIN\LAYOUT\LIBRARY\SM.LLB
Tue Mar 12 17:59:06 Loaded file C:\ORCADWIN\LAYOUT\LIBRARY\TM_CAP_P.LLB
Tue Mar 12 17:59:06 Loaded file C:\ORCADWIN\LAYOUT\library\sheet05.llb
Tue Mar 12 17:59:06 Loaded file C:\ORCADWIN\LAYOUT\LIBRARY\TO.LLB
Tue Mar 12 17:59:06 Loaded file C:\ORCADWIN\LAYOUT\LIBRARY\SOJ.LLB
Tue Mar 12 17:59:06 Loaded file C:\ORCADWIN\LAYOUT\LIBRARY\DIP100T.LLB
Tue Mar 12 17:59:06 Loaded file C:\ORCADWIN\LAYOUT\LIBRARY\DIP100B.LLB
Tue Mar 12 17:59:06 Loaded file C:\ORCADWIN\LAYOUT\LIBRARY\DSUBT.LLB
Tue Mar 12 17:59:06 Loaded file C:\ORCADWIN\LAYOUT\LIBRARY\JUMPER.LLB
Tue Mar 12 17:59:06 Loaded file C:\ORCADWIN\LAYOUT\LIBRARY\SM.LLB
Tue Mar 12 17:59:06 Loaded file C:\ORCADWIN\LAYOUT\LIBRARY\TM_CAP_P.LLB
Tue Mar 12 17:59:06 Loaded file C:\ORCADWIN\LAYOUT\library\sheet05.llb
Tue Mar 12 17:59:06 Unable to find Alternate Footprint: SOG.050/14/WG.244/L.375
Tue Mar 12 17:59:06 Loaded file C:\ORCADWIN\LAYOUT\LIBRARY\DIP100T.LLB
Tue Mar 12 17:59:06 Loaded file C:\ORCADWIN\LAYOUT\LIBRARY\TO.LLB
Tue Mar 12 17:59:06 Loaded file C:\ORCADWIN\LAYOUT\LIBRARY\SOJ.LLB
Tue Mar 12 17:59:06 Loaded file C:\ORCADWIN\LAYOUT\LIBRARY\DIP100T.LLB
Tue Mar 12 17:59:06 Loaded file C:\ORCADWIN\LAYOUT\LIBRARY\DIP100B.LLB
Tue Mar 12 17:59:06 Loaded file C:\ORCADWIN\LAYOUT\LIBRARY\DSUBT.LLB
Tue Mar 12 17:59:06 Loaded file C:\ORCADWIN\LAYOUT\LIBRARY\JUMPER.LLB
Tue Mar 12 17:59:06 Loaded file C:\ORCADWIN\LAYOUT\LIBRARY\SM.LLB
Tue Mar 12 17:59:06 Loaded file C:\ORCADWIN\LAYOUT\LIBRARY\TM_CAP_P.LLB
Tue Mar 12 17:59:06 Loaded file C:\ORCADWIN\LAYOUT\library\sheet05.llb
Tue Mar 12 17:59:06 Unable to find Alternate Footprint: SOG.050/14/WG.244/L.375
Tue Mar 12 17:59:06 Loaded file C:\ORCADWIN\LAYOUT\LIBRARY\TO.LLB
Tue Mar 12 17:59:06 Loaded file C:\ORCADWIN\LAYOUT\LIBRARY\SOJ.LLB
Tue Mar 12 17:59:06 Loaded file C:\ORCADWIN\LAYOUT\LIBRARY\DIP100T.LLB
Tue Mar 12 17:59:06 Loaded file C:\ORCADWIN\LAYOUT\LIBRARY\DIP100B.LLB
Tue Mar 12 17:59:06 Loaded file C:\ORCADWIN\LAYOUT\LIBRARY\DSUBT.LLB
Tue Mar 12 17:59:06 Loaded file C:\ORCADWIN\LAYOUT\LIBRARY\JUMPER.LLB
Tue Mar 12 17:59:06 Loaded file C:\ORCADWIN\LAYOUT\LIBRARY\SM.LLB
Tue Mar 12 17:59:06 Loaded file C:\ORCADWIN\LAYOUT\LIBRARY\TM_CAP_P.LLB
Tue Mar 12 17:59:06 Loaded file C:\ORCADWIN\LAYOUT\library\sheet05.llb
Tue Mar 12 17:59:06 Unable to find Alternate Footprint: SOG.050/14/WG.244/L.375
Tue Mar 12 17:59:06 Loaded file C:\ORCADWIN\LAYOUT\LIBRARY\TO.LLB
Tue Mar 12 17:59:06 Loaded file C:\ORCADWIN\LAYOUT\LIBRARY\SOJ.LLB
Tue Mar 12 17:59:06 Loaded file C:\ORCADWIN\LAYOUT\LIBRARY\DIP100T.LLB
Tue Mar 12 17:59:06 Loaded file C:\ORCADWIN\LAYOUT\LIBRARY\DIP100B.LLB
Tue Mar 12 17:59:06 Loaded file C:\ORCADWIN\LAYOUT\LIBRARY\DSUBT.LLB
Tue Mar 12 17:59:06 Loaded file C:\ORCADWIN\LAYOUT\LIBRARY\JUMPER.LLB
Tue Mar 12 17:59:06 Loaded file C:\ORCADWIN\LAYOUT\LIBRARY\SM.LLB
Tue Mar 12 17:59:06 Loaded file C:\ORCADWIN\LAYOUT\LIBRARY\TM_CAP_P.LLB
Tue Mar 12 17:59:06 Loaded file C:\ORCADWIN\LAYOUT\library\sheet05.llb
Tue Mar 12 17:59:06 Unable to find Alternate Footprint: SOG.050/14/WG.244/L.375
Tue Mar 12 17:59:06 Loaded file C:\ORCADWIN\LAYOUT\LIBRARY\TO.LLB
Tue Mar 12 17:59:06 Loaded file C:\ORCADWIN\LAYOUT\LIBRARY\SOJ.LLB
Tue Mar 12 17:59:06 Loaded file C:\ORCADWIN\LAYOUT\LIBRARY\DIP100T.LLB
Tue Mar 12 17:59:06 Loaded file C:\ORCADWIN\LAYOUT\LIBRARY\DIP100B.LLB
Tue Mar 12 17:59:06 Loaded file C:\ORCADWIN\LAYOUT\LIBRARY\DSUBT.LLB
Tue Mar 12 17:59:06 Loaded file C:\ORCADWIN\LAYOUT\LIBRARY\JUMPER.LLB
Tue Mar 12 17:59:06 Loaded file C:\ORCADWIN\LAYOUT\LIBRARY\SM.LLB
Tue Mar 12 17:59:06 Loaded file C:\ORCADWIN\LAYOUT\LIBRARY\TM_CAP_P.LLB
Tue Mar 12 17:59:06 Loaded file C:\ORCADWIN\LAYOUT\library\sheet05.llb
Tue Mar 12 17:59:06 Unable to find Alternate Footprint: SOG.050/14/WG.244/L.375
Tue Mar 12 17:59:06 Loaded file C:\ORCADWIN\LAYOUT\LIBRARY\TO.LLB
Tue Mar 12 17:59:06 Loaded file C:\ORCADWIN\LAYOUT\LIBRARY\SOJ.LLB
Tue Mar 12 17:59:06 Loaded file C:\ORCADWIN\LAYOUT\LIBRARY\DIP100T.LLB
Tue Mar 12 17:59:06 Loaded file C:\ORCADWIN\LAYOUT\LIBRARY\DIP100B.LLB
Tue Mar 12 17:59:06 Loaded file C:\ORCADWIN\LAYOUT\LIBRARY\DSUBT.LLB
Tue Mar 12 17:59:06 Loaded file C:\ORCADWIN\LAYOUT\LIBRARY\JUMPER.LLB
Tue Mar 12 17:59:06 Loaded file C:\ORCADWIN\LAYOUT\LIBRARY\SM.LLB
Tue Mar 12 17:59:06 Loaded file C:\ORCADWIN\LAYOUT\LIBRARY\TM_CAP_P.LLB
Tue Mar 12 17:59:06 Loaded file C:\ORCADWIN\LAYOUT\library\sheet05.llb
Tue Mar 12 17:59:06 Unable to find Alternate Footprint: SOG.050/14/WG.244/L.375
Tue Mar 12 17:59:06 Loaded file C:\ORCADWIN\LAYOUT\LIBRARY\TO.LLB
Tue Mar 12 17:59:06 Loaded file C:\ORCADWIN\LAYOUT\LIBRARY\SOJ.LLB
Tue Mar 12 17:59:06 Loaded file C:\ORCADWIN\LAYOUT\LIBRARY\DIP100T.LLB
Tue Mar 12 17:59:06 Loaded file C:\ORCADWIN\LAYOUT\LIBRARY\DIP100B.LLB
Tue Mar 12 17:59:06 Loaded file C:\ORCADWIN\LAYOUT\LIBRARY\DSUBT.LLB
Tue Mar 12 17:59:06 Loaded file C:\ORCADWIN\LAYOUT\LIBRARY\JUMPER.LLB
Tue Mar 12 17:59:06 Loaded file C:\ORCADWIN\LAYOUT\LIBRARY\SM.LLB
Tue Mar 12 17:59:06 Loaded file C:\ORCADWIN\LAYOUT\LIBRARY\TM_CAP_P.LLB
Tue Mar 12 17:59:06 Loaded file C:\ORCADWIN\LAYOUT\library\sheet05.llb
Tue Mar 12 17:59:06 Unable to find Alternate Footprint: SOG.050/14/WG.244/L.375
Tue Mar 12 17:59:06 Loaded file C:\ORCADWIN\LAYOUT\LIBRARY\TO.LLB
Tue Mar 12 17:59:06 Loaded file C:\ORCADWIN\LAYOUT\LIBRARY\SOJ.LLB
Tue Mar 12 17:59:06 Loaded file C:\ORCADWIN\LAYOUT\LIBRARY\DIP100T.LLB
Tue Mar 12 17:59:06 Loaded file C:\ORCADWIN\LAYOUT\LIBRARY\DIP100B.LLB
Tue Mar 12 17:59:06 Loaded file C:\ORCADWIN\LAYOUT\LIBRARY\DSUBT.LLB
Tue Mar 12 17:59:06 Loaded file C:\ORCADWIN\LAYOUT\LIBRARY\JUMPER.LLB
Tue Mar 12 17:59:06 Loaded file C:\ORCADWIN\LAYOUT\LIBRARY\SM.LLB
Tue Mar 12 17:59:06 Loaded file C:\ORCADWIN\LAYOUT\LIBRARY\TM_CAP_P.LLB
Tue Mar 12 17:59:06 Loaded file C:\ORCADWIN\LAYOUT\library\sheet05.llb
Tue Mar 12 17:59:06 Unable to find Alternate Footprint: SOG.050/14/WG.244/L.375
Tue Mar 12 17:59:06 Loaded file C:\ORCADWIN\LAYOUT\LIBRARY\TO.LLB
Tue Mar 12 17:59:06 Loaded file C:\ORCADWIN\LAYOUT\LIBRARY\SOJ.LLB
Tue Mar 12 17:59:06 Loaded file C:\ORCADWIN\LAYOUT\LIBRARY\DIP100T.LLB
Tue Mar 12 17:59:06 Loaded file C:\ORCADWIN\LAYOUT\LIBRARY\DIP100B.LLB
Tue Mar 12 17:59:06 Loaded file C:\ORCADWIN\LAYOUT\LIBRARY\DSUBT.LLB
Tue Mar 12 17:59:06 Loaded file C:\ORCADWIN\LAYOUT\LIBRARY\JUMPER.LLB
Tue Mar 12 17:59:06 Loaded file C:\ORCADWIN\LAYOUT\LIBRARY\SM.LLB
Tue Mar 12 17:59:06 Loaded file C:\ORCADWIN\LAYOUT\LIBRARY\TM_CAP_P.LLB
Tue Mar 12 17:59:06 Loaded file C:\ORCADWIN\LAYOUT\library\sheet05.llb
Tue Mar 12 17:59:06 Unable to find Alternate Footprint: SOG.050/14/WG.244/L.375
Tue Mar 12 17:59:06 Loaded file C:\ORCADWIN\LAYOUT\LIBRARY\TO.LLB
Tue Mar 12 17:59:06 Loaded file C:\ORCADWIN\LAYOUT\LIBRARY\SOJ.LLB
Tue Mar 12 17:59:06 Loaded file C:\ORCADWIN\LAYOUT\LIBRARY\DIP100T.LLB
Tue Mar 12 17:59:06 Loaded file C:\ORCADWIN\LAYOUT\LIBRARY\DIP100B.LLB
Tue Mar 12 17:59:06 Loaded file C:\ORCADWIN\LAYOUT\LIBRARY\DSUBT.LLB
Tue Mar 12 17:59:06 Loaded file C:\ORCADWIN\LAYOUT\LIBRARY\JUMPER.LLB
Tue Mar 12 17:59:06 Loaded file C:\ORCADWIN\LAYOUT\LIBRARY\SM.LLB
Tue Mar 12 17:59:06 Loaded file C:\ORCADWIN\LAYOUT\LIBRARY\TM_CAP_P.LLB
Tue Mar 12 17:59:06 Loaded file C:\ORCADWIN\LAYOUT\library\sheet05.llb
Tue Mar 12 17:59:06 Unable to find Alternate Footprint: SOG.050/14/WG.244/L.375
Tue Mar 12 17:59:06 Loaded file C:\ORCADWIN\LAYOUT\LIBRARY\TO.LLB
Tue Mar 12 17:59:06 Loaded file C:\ORCADWIN\LAYOUT\LIBRARY\SOJ.LLB
Tue Mar 12 17:59:06 Loaded file C:\ORCADWIN\LAYOUT\LIBRARY\DIP100T.LLB
Tue Mar 12 17:59:06 Loaded file C:\ORCADWIN\LAYOUT\LIBRARY\DIP100B.LLB
Tue Mar 12 17:59:06 Loaded file C:\ORCADWIN\LAYOUT\LIBRARY\DSUBT.LLB
Tue Mar 12 17:59:06 Loaded file C:\ORCADWIN\LAYOUT\LIBRARY\JUMPER.LLB
Tue Mar 12 17:59:06 Loaded file C:\ORCADWIN\LAYOUT\LIBRARY\SM.LLB
Tue Mar 12 17:59:06 Loaded file C:\ORCADWIN\LAYOUT\LIBRARY\TM_CAP_P.LLB
Tue Mar 12 17:59:06 Loaded file C:\ORCADWIN\LAYOUT\library\sheet05.llb
Tue Mar 12 17:59:06 Unable to find Alternate Footprint: SOG.050/14/WG.244/L.375
Tue Mar 12 17:59:06 Loaded file C:\ORCADWIN\LAYOUT\LIBRARY\TO.LLB
Tue Mar 12 17:59:06 Loaded file C:\ORCADWIN\LAYOUT\LIBRARY\SOJ.LLB
Tue Mar 12 17:59:06 Loaded file C:\ORCADWIN\LAYOUT\LIBRARY\DIP100T.LLB
Tue Mar 12 17:59:06 Loaded file C:\ORCADWIN\LAYOUT\LIBRARY\DIP100B.LLB
Tue Mar 12 17:59:06 Loaded file C:\ORCADWIN\LAYOUT\LIBRARY\DSUBT.LLB
Tue Mar 12 17:59:06 Loaded file C:\ORCADWIN\LAYOUT\LIBRARY\JUMPER.LLB
Tue Mar 12 17:59:06 Loaded file C:\ORCADWIN\LAYOUT\LIBRARY\SM.LLB
Tue Mar 12 17:59:06 Loaded file C:\ORCADWIN\LAYOUT\LIBRARY\TM_CAP_P.LLB
Tue Mar 12 17:59:06 Loaded file C:\ORCADWIN\LAYOUT\library\sheet05.llb
Tue Mar 12 17:59:06 Unable to find Alternate Footprint: SOG.050/14/WG.244/L.375
Tue Mar 12 17:59:06 Loaded file C:\ORCADWIN\LAYOUT\LIBRARY\TO.LLB
Tue Mar 12 17:59:06 Loaded file C:\ORCADWIN\LAYOUT\LIBRARY\SOJ.LLB
Tue Mar 12 17:59:06 Loaded file C:\ORCADWIN\LAYOUT\LIBRARY\DIP100T.LLB
Tue Mar 12 17:59:06 Loaded file C:\ORCADWIN\LAYOUT\LIBRARY\DIP100B.LLB
Tue Mar 12 17:59:06 Loaded file C:\ORCADWIN\LAYOUT\LIBRARY\DSUBT.LLB
Tue Mar 12 17:59:06 Loaded file C:\ORCADWIN\LAYOUT\LIBRARY\JUMPER.LLB
Tue Mar 12 17:59:06 Loaded file C:\ORCADWIN\LAYOUT\LIBRARY\SM.LLB
Tue Mar 12 17:59:06 Loaded file C:\ORCADWIN\LAYOUT\LIBRARY\TM_CAP_P.LLB
Tue Mar 12 17:59:06 Loaded file C:\ORCADWIN\LAYOUT\library\sheet05.llb
Tue Mar 12 17:59:06 Unable to find Alternate Footprint: SOG.050/14/WG.244/L.375
Tue Mar 12 17:59:06 Loaded file C:\ORCADWIN\LAYOUT\LIBRARY\TO.LLB
Tue Mar 12 17:59:06 Loaded file C:\ORCADWIN\LAYOUT\LIBRARY\SOJ.LLB
Tue Mar 12 17:59:06 Loaded file C:\ORCADWIN\LAYOUT\LIBRARY\DIP100T.LLB
Tue Mar 12 17:59:06 Loaded file C:\ORCADWIN\LAYOUT\LIBRARY\DIP100B.LLB
Tue Mar 12 17:59:06 Loaded file C:\ORCADWIN\LAYOUT\LIBRARY\DSUBT.LLB
Tue Mar 12 17:59:06 Loaded file C:\ORCADWIN\LAYOUT\LIBRARY\JUMPER.LLB
Tue Mar 12 17:59:06 Loaded file C:\ORCADWIN\LAYOUT\LIBRARY\SM.LLB
Tue Mar 12 17:59:06 Loaded file C:\ORCADWIN\LAYOUT\LIBRARY\TM_CAP_P.LLB
Tue Mar 12 17:59:06 Loaded file C:\ORCADWIN\LAYOUT\library\sheet05.llb
Tue Mar 12 17:59:06 Unable to find Alternate Footprint: SOG.050/14/WG.244/L.375
Tue Mar 12 17:59:06 Loaded file C:\ORCADWIN\LAYOUT\LIBRARY\TO.LLB
Tue Mar 12 17:59:06 Loaded file C:\ORCADWIN\LAYOUT\LIBRARY\SOJ.LLB
Tue Mar 12 17:59:06 Loaded file C:\ORCADWIN\LAYOUT\LIBRARY\DIP100T.LLB
Tue Mar 12 17:59:06 Loaded file C:\ORCADWIN\LAYOUT\LIBRARY\DIP100B.LLB
Tue Mar 12 17:59:06 Loaded file C:\ORCADWIN\LAYOUT\LIBRARY\DSUBT.LLB
Tue Mar 12 17:59:06 Loaded file C:\ORCADWIN\LAYOUT\LIBRARY\JUMPER.LLB
Tue Mar 12 17:59:06 Loaded file C:\ORCADWIN\LAYOUT\LIBRARY\SM.LLB
Tue Mar 12 17:59:06 Loaded file C:\ORCADWIN\LAYOUT\LIBRARY\TM_CAP_P.LLB
Tue Mar 12 17:59:06 Loaded file C:\ORCADWIN\LAYOUT\library\sheet05.llb
Tue Mar 12 17:59:06 Unable to find Alternate Footprint: SOG.050/14/WG.244/L.375
Tue Mar 12 17:59:06 Loaded file C:\ORCADWIN\LAYOUT\LIBRARY\TO.LLB
Tue Mar 12 17:59:06 Loaded file C:\ORCADWIN\LAYOUT\LIBRARY\SOJ.LLB
Tue Mar 12 17:59:06 Loaded file C:\ORCADWIN\LAYOUT\LIBRARY\DIP100T.LLB
Tue Mar 12 17:59:06 Loaded file C:\ORCADWIN\LAYOUT\LIBRARY\DIP100B.LLB
Tue Mar 12 17:59:06 Loaded file C:\ORCADWIN\LAYOUT\LIBRARY\DSUBT.LLB
Tue Mar 12 17:59:06 Loaded file C:\ORCADWIN\LAYOUT\LIBRARY\JUMPER.LLB
Tue Mar 12 17:59:06 Loaded file C:\ORCADWIN\LAYOUT\LIBRARY\SM.LLB
Tue Mar 12 17:59:06 Loaded file C:\ORCADWIN\LAYOUT\LIBRARY\TM_CAP_P.LLB
Tue Mar 12 17:59:06 Loaded file C:\ORCADWIN\LAYOUT\library\sheet05.llb
Tue Mar 12 17:59:06 Unable to find Alternate Footprint: SOG.050/14/WG.244/L.375
Tue Mar 12 17:59:06 Loaded file C:\ORCADWIN\LAYOUT\LIBRARY\TO.LLB
Tue Mar 12 17:59:06 Loaded file C:\ORCADWIN\LAYOUT\LIBRARY\SOJ.LLB
Tue Mar 12 17:59:06 Loaded file C:\ORCADWIN\LAYOUT\LIBRARY\DIP100T.LLB
Tue Mar 12 17:59:06 Loaded file C:\ORCADWIN\LAYOUT\LIBRARY\DIP100B.LLB
Tue Mar 12 17:59:06 Loaded file C:\ORCADWIN\LAYOUT\LIBRARY\DSUBT.LLB
Tue Mar 12 17:59:06 Loaded file C:\ORCADWIN\LAYOUT\LIBRARY\JUMPER.LLB
Tue Mar 12 17:59:06 Loaded file C:\ORCADWIN\LAYOUT\LIBRARY\SM.LLB
Tue Mar 12 17:59:06 Loaded file C:\ORCADWIN\LAYOUT\LIBRARY\TM_CAP_P.LLB
Tue Mar 12 17:59:06 Loaded file C:\ORCADWIN\LAYOUT\library\sheet05.llb
Tue Mar 12 17:59:06 Unable to find Alternate Footprint: SOG.050/14/WG.244/L.375
Tue Mar 12 17:59:06 Loaded file C:\ORCADWIN\LAYOUT\LIBRARY\TO.LLB
Tue Mar 12 17:59:06 Loaded file C:\ORCADWIN\LAYOUT\LIBRARY\SOJ.LLB
Tue Mar 12 17:59:06 Loaded file C:\ORCADWIN\LAYOUT\LIBRARY\DIP100T.LLB
Tue Mar 12 17:59:06 Loaded file C:\ORCADWIN\LAYOUT\LIBRARY\DIP100B.LLB
Tue Mar 12 17:59:06 Loaded file C:\ORCADWIN\LAYOUT\LIBRARY\DSUBT.LLB
Tue Mar 12 17:59:06 Loaded file C:\ORCADWIN\LAYOUT\LIBRARY\JUMPER.LLB
Tue Mar 12 17:59:06 Loaded file C:\ORCADWIN\LAYOUT\LIBRARY\SM.LLB
Tue Mar 12 17:59:06 Loaded file C:\ORCADWIN\LAYOUT\LIBRARY\TM_CAP_P.LLB
Tue Mar 12 17:59:06 Loaded file C:\ORCADWIN\LAYOUT\library\sheet05.llb
Tue Mar 12 17:59:06 Unable to find Alternate Footprint: SOG.050/14/WG.244/L.375
Tue Mar 12 17:59:06 Loaded file C:\ORCADWIN\LAYOUT\LIBRARY\TO.LLB
Tue Mar 12 17:59:06 Loaded file C:\ORCADWIN\LAYOUT\LIBRARY\SOJ.LLB
Tue Mar 12 17:59:06 Loaded file C:\ORCADWIN\LAYOUT\LIBRARY\DIP100T.LLB
Tue Mar 12 17:59:06 Loaded file C:\ORCADWIN\LAYOUT\LIBRARY\DIP100B.LLB
Tue Mar 12 17:59:06 Loaded file C:\ORCADWIN\LAYOUT\LIBRARY\DSUBT.LLB
Tue Mar 12 17:59:06 Loaded file C:\ORCADWIN\LAYOUT\LIBRARY\JUMPER.LLB
Tue Mar 12 17:59:06 Loaded file C:\ORCADWIN\LAYOUT\LIBRARY\SM.LLB
Tue Mar 12 17:59:06 Loaded file C:\ORCADWIN\LAYOUT\LIBRARY\TM_CAP_P.LLB
Tue Mar 12 17:59:06 Loaded file C:\ORCADWIN\LAYOUT\library\sheet05.llb
Tue Mar 12 17:59:06 Unable to find Alternate Footprint: SOG.050/14/WG.244/L.375
Tue Mar 12 17:59:06 Loaded file C:\ORCADWIN\LAYOUT\LIBRARY\TO.LLB
Tue Mar 12 17:59:06 Loaded file C:\ORCADWIN\LAYOUT\LIBRARY\SOJ.LLB
Tue Mar 12 17:59:06 Loaded file C:\ORCADWIN\LAYOUT\LIBRARY\DIP100T.LLB
Tue Mar 12 17:59:06 Loaded file C:\ORCADWIN\LAYOUT\LIBRARY\DIP100B.LLB
Tue Mar 12 17:59:06 Loaded file C:\ORCADWIN\LAYOUT\LIBRARY\DSUBT.LLB
Tue Mar 12 17:59:06 Loaded file C:\ORCADWIN\LAYOUT\LIBRARY\JUMPER.LLB
Tue Mar 12 17:59:06 Loaded file C:\ORCADWIN\LAYOUT\LIBRARY\SM.LLB
Tue Mar 12 17:59:06 Loaded file C:\ORCADWIN\LAYOUT\LIBRARY\TM_CAP_P.LLB
Tue Mar 12 17:59:06 Loaded file C:\ORCADWIN\LAYOUT\library\sheet05.llb
Tue Mar 12 17:59:06 Unable to find Alternate Footprint: SOG.050/14/WG.244/L.375
Tue Mar 12 17:59:06 Loaded file C:\ORCADWIN\LAYOUT\LIBRARY\TO.LLB
Tue Mar 12 17:59:06 Loaded file C:\ORCADWIN\LAYOUT\LIBRARY\SOJ.LLB
Tue Mar 12 17:59:06 Loaded file C:\ORCADWIN\LAYOUT\LIBRARY\DIP100T.LLB
Tue Mar 12 17:59:06 Loaded file C:\ORCADWIN\LAYOUT\LIBRARY\DIP100B.LLB
Tue Mar 12 17:59:06 Loaded file C:\ORCADWIN\LAYOUT\LIBRARY\DSUBT.LLB
Tue Mar 12 17:59:06 Loaded file C:\ORCADWIN\LAYOUT\LIBRARY\JUMPER.LLB
Tue Mar 12 17:59:06 Loaded file C:\ORCADWIN\LAYOUT\LIBRARY\SM.LLB
Tue Mar 12 17:59:06 Loaded file C:\ORCADWIN\LAYOUT\LIBRARY\TM_CAP_P.LLB
Tue Mar 12 17:59:06 Loaded file C:\ORCADWIN\LAYOUT\library\sheet05.llb
Tue Mar 12 17:59:06 Unable to find Alternate Footprint: SOG.050/14/WG.244/L.375
Tue Mar 12 17:59:06 Loaded file C:\ORCADWIN\LAYOUT\LIBRARY\TO.LLB
Tue Mar 12 17:59:06 Loaded file C:\ORCADWIN\LAYOUT\LIBRARY\SOJ.LLB
Tue Mar 12 17:59:06 Loaded file C:\ORCADWIN\LAYOUT\LIBRARY\DIP100T.LLB
Tue Mar 12 17:59:06 Loaded file C:\ORCADWIN\LAYOUT\LIBRARY\DIP100B.LLB
Tue Mar 12 17:59:06 Loaded file C:\ORCADWIN\LAYOUT\LIBRARY\DSUBT.LLB
Tue Mar 12 17:59:06 Loaded file C:\ORCADWIN\LAYOUT\LIBRARY\JUMPER.LLB
Tue Mar 12 17:59:06 Loaded file C:\ORCADWIN\LAYOUT\LIBRARY\SM.LLB
Tue Mar 12 17:59:06 Loaded file C:\ORCADWIN\LAYOUT\LIBRARY\TM_CAP_P.LLB
Tue Mar 12 17:59:06 Loaded file C:\ORCADWIN\LAYOUT\library\sheet05.llb
Tue Mar 12 17:59:06 Unable to find Alternate Footprint: SOG.050/14/WG.244/L.375
Tue Mar 12 17:59:06 Loaded file C:\ORCADWIN\LAYOUT\LIBRARY\TO.LLB
Tue Mar 12 17:59:06 Loaded file C:\ORCADWIN\LAYOUT\LIBRARY\SOJ.LLB
Tue Mar 12 17:59:06 Loaded file C:\ORCADWIN\LAYOUT\LIBRARY\DIP100T.LLB
Tue Mar 12 17:59:06 Loaded file C:\ORCADWIN\LAYOUT\LIBRARY\DIP100B.LLB
Tue Mar 12 17:59:06 Loaded file C:\ORCADWIN\LAYOUT\LIBRARY\DSUBT.LLB
Tue Mar 12 17:59:06 Loaded file C:\ORCADWIN\LAYOUT\LIBRARY\JUMPER.LLB
Tue Mar 12 17:59:06 Loaded file C:\ORCADWIN\LAYOUT\LIBRARY\SM.LLB
Tue Mar 12 17:59:06 Loaded file C:\ORCADWIN\LAYOUT\LIBRARY\TM_CAP_P.LLB
Tue Mar 12 17:59:06 Loaded file C:\ORCADWIN\LAYOUT\library\sheet05.llb
Tue Mar 12 17:59:06 Unable to find Alternate Footprint: SOG.050/14/WG.244/L.375
Tue Mar 12 17:59:06 Loaded file C:\ORCADWIN\LAYOUT\LIBRARY\TO.LLB
Tue Mar 12 17:59:06 Loaded file C:\ORCADWIN\LAYOUT\LIBRARY\SOJ.LLB
Tue Mar 12 17:59:06 Loaded file C:\ORCADWIN\LAYOUT\LIBRARY\DIP100T.LLB
Tue Mar 12 17:59:06 Loaded file C:\ORCADWIN\LAYOUT\LIBRARY\DIP100B.LLB
Tue Mar 12 17:59:06 Loaded file C:\ORCADWIN\LAYOUT\LIBRARY\DSUBT.LLB
Tue Mar 12 17:59:06 Loaded file C:\ORCADWIN\LAYOUT\LIBRARY\JUMPER.LLB
Tue Mar 12 17:59:06 Loaded file C:\ORCADWIN\LAYOUT\LIBRARY\SM.LLB
Tue Mar 12 17:59:06 Loaded file C:\ORCADWIN\LAYOUT\LIBRARY\TM_CAP_P.LLB
Tue Mar 12 17:59:06 Loaded file C:\ORCADWIN\LAYOUT\library\sheet05.llb
Tue Mar 12 17:59:06 Unable to find Alternate Footprint: SOG.050/14/WG.244/L.375
Tue Mar 12 17:59:06 Loaded file C:\ORCADWIN\LAYOUT\LIBRARY\TO.LLB
Tue Mar 12 17:59:06 Loaded file C:\ORCADWIN\LAYOUT\LIBRARY\SOJ.LLB
Tue Mar 12 17:59:06 Loaded file C:\ORCADWIN\LAYOUT\LIBRARY\DIP100T.LLB
Tue Mar 12 17:59:06 Loaded file C:\ORCADWIN\LAYOUT\LIBRARY\DIP100B.LLB
Tue Mar 12 17:59:06 Loaded file C:\ORCADWIN\LAYOUT\LIBRARY\DSUBT.LLB
Tue Mar 12 17:59:06 Loaded file C:\ORCADWIN\LAYOUT\LIBRARY\JUMPER.LLB
Tue Mar 12 17:59:06 Loaded file C:\ORCADWIN\LAYOUT\LIBRARY\SM.LLB
Tue Mar 12 17:59:06 Loaded file C:\ORCADWIN\LAYOUT\LIBRARY\TM_CAP_P.LLB
Tue Mar 12 17:59:06 Loaded file C:\ORCADWIN\LAYOUT\library\sheet05.llb
Tue Mar 12 17:59:06 Unable to find Alternate Footprint: SOG.050/14/WG.244/L.375
Tue Mar 12 17:59:06 Loaded file C:\ORCADWIN\LAYOUT\LIBRARY\TO.LLB
Tue Mar 12 17:59:06 Loaded file C:\ORCADWIN\LAYOUT\LIBRARY\SOJ.LLB
Tue Mar 12 17:59:06 Loaded file C:\ORCADWIN\LAYOUT\LIBRARY\DIP100T.LLB
Tue Mar 12 17:59:06 Loaded file C:\ORCADWIN\LAYOUT\LIBRARY\DIP100B.LLB
Tue Mar 12 17:59:06 Loaded file C:\ORCADWIN\LAYOUT\LIBRARY\DSUBT.LLB
Tue Mar 12 17:59:06 Loaded file C:\ORCADWIN\LAYOUT\LIBRARY\JUMPER.LLB
Tue Mar 12 17:59:06 Loaded file C:\ORCADWIN\LAYOUT\LIBRARY\SM.LLB
Tue Mar 12 17:59:06 Loaded file C:\ORCADWIN\LAYOUT\LIBRARY\TM_CAP_P.LLB
Tue Mar 12 17:59:06 Loaded file C:\ORCADWIN\LAYOUT\library\sheet05.llb
Tue Mar 12 17:59:06 Unable to find Alternate Footprint: SOG.050/14/WG.244/L.375
Tue Mar 12 17:59:06 Loaded file C:\ORCADWIN\LAYOUT\LIBRARY\TO.LLB
Tue Mar 12 17:59:06 Loaded file C:\ORCADWIN\LAYOUT\LIBRARY\SOJ.LLB
Tue Mar 12 17:59:06 Loaded file C:\ORCADWIN\LAYOUT\LIBRARY\DIP100T.LLB
Tue Mar 12 17:59:06 Loaded file C:\ORCADWIN\LAYOUT\LIBRARY\DIP100B.LLB
Tue Mar 12 17:59:06 Loaded file C:\ORCADWIN\LAYOUT\LIBRARY\DSUBT.LLB
Tue Mar 12 17:59:06 Loaded file C:\ORCADWIN\LAYOUT\LIBRARY\JUMPER.LLB
Tue Mar 12 17:59:06 Loaded file C:\ORCADWIN\LAYOUT\LIBRARY\SM.LLB
Tue Mar 12 17:59:06 Loaded file C:\ORCADWIN\LAYOUT\LIBRARY\TM_CAP_P.LLB
Tue Mar 12 17:59:06 Loaded file C:\ORCADWIN\LAYOUT\library\sheet05.llb
Tue Mar 12 17:59:06 Unable to find Alternate Footprint: SOG.050/14/WG.244/L.375
Tue Mar 12 17:59:06 Loaded file C:\ORCADWIN\LAYOUT\LIBRARY\TO.LLB
Tue Mar 12 17:59:06 Loaded file C:\ORCADWIN\LAYOUT\LIBRARY\SOJ.LLB
Tue Mar 12 17:59:06 Loaded file C:\ORCADWIN\LAYOUT\LIBRARY\DIP100T.LLB
Tue Mar 12 17:59:06 Loaded file C:\ORCADWIN\LAYOUT\LIBRARY\DIP100B.LLB
Tue Mar 12 17:59:06 Loaded file C:\ORCADWIN\LAYOUT\LIBRARY\DSUBT.LLB
Tue Mar 12 17:59:06 Loaded file C:\ORCADWIN\LAYOUT\LIBRARY\JUMPER.LLB
Tue Mar 12 17:59:06 Loaded file C:\ORCADWIN\LAYOUT\LIBRARY\SM.LLB
Tue Mar 12 17:59:06 Loaded file C:\ORCADWIN\LAYOUT\LIBRARY\TM_CAP_P.LLB
Tue Mar 12 17:59:06 Loaded file C:\ORCADWIN\LAYOUT\library\sheet05.llb
Tue Mar 12 17:59:06 Unable to find Alternate Footprint: SOG.050/14/WG.244/L.375
Tue Mar 12 17:59:06 Loaded file C:\ORCADWIN\LAYOUT\LIBRARY\TO.LLB
Tue Mar 12 17:59:06 Loaded file C:\ORCADWIN\LAYOUT\LIBRARY\SOJ.LLB
Tue Mar 12 17:59:06 Loaded file C:\ORCADWIN\LAYOUT\LIBRARY\DIP100T.LLB
Tue Mar 12 17:59:06 Loaded file C:\ORCADWIN\LAYOUT\LIBRARY\DIP100B.LLB
Tue Mar 12 17:59:06 Loaded file C:\ORCADWIN\LAYOUT\LIBRARY\DSUBT.LLB
Tue Mar 12 17:59:06 Loaded file C:\ORCADWIN\LAYOUT\LIBRARY\JUMPER.LLB
Tue Mar 12 17:59:06 Loaded file C:\ORCADWIN\LAYOUT\LIBRARY\SM.LLB
Tue Mar 12 17:59:06 Loaded file C:\ORCADWIN\LAYOUT\LIBRARY\TM_CAP_P.LLB
Tue Mar 12 17:59:06 Loaded file C:\ORCADWIN\LAYOUT\library\sheet05.llb
Tue Mar 12 17:59:06 Unable to find Alternate Footprint: SOG.050/14/WG.244/L.375
Tue Mar 12 17:59:06 Loaded file C:\ORCADWIN\LAYOUT\LIBRARY\TO.LLB
Tue Mar 12 17:59:06 Loaded file C:\ORCADWIN\LAYOUT\LIBRARY\SOJ.LLB
Tue Mar 12 17:59:06 Loaded file C:\ORCADWIN\LAYOUT\LIBRARY\DIP100T.LLB
Tue Mar 12 17:59:06 Loaded file C:\ORCADWIN\LAYOUT\LIBRARY\DIP100B.LLB
Tue Mar 12 17:59:06 Loaded file C:\ORCADWIN\LAYOUT\LIBRARY\DSUBT.LLB
Tue Mar 12 17:59:06 Loaded file C:\ORCADWIN\LAYOUT\LIBRARY\JUMPER.LLB
Tue Mar 12 17:59:06 Loaded file C:\ORCADWIN\LAYOUT\LIBRARY\SM.LLB
Tue Mar 12 17:59:06 Loaded file C:\ORCADWIN\LAYOUT\LIBRARY\TM_CAP_P.LLB
Tue Mar 12 17:59:06 Loaded file C:\ORCADWIN\LAYOUT\library\sheet05.llb
Tue Mar 12 17:59:06 Unable to find Alternate Footprint: SOG.050/14/WG.244/L.375
Tue Mar 12 17:59:06 Loaded file C:\ORCADWIN\LAYOUT\LIBRARY\TO.LLB
Tue Mar 12 17:59:06 Loaded file C:\ORCADWIN\LAYOUT\LIBRARY\SOJ.LLB
Tue Mar 12 17:59:06 Loaded file C:\ORCADWIN\LAYOUT\LIBRARY\DIP100T.LLB
Tue Mar 12 17:59:06 Loaded file C:\ORCADWIN\LAYOUT\LIBRARY\DIP100B.LLB
Tue Mar 12 17:59:06 Loaded file C:\ORCADWIN\LAYOUT\LIBRARY\DSUBT.LLB
Tue Mar 12 17:59:06 Loaded file C:\ORCADWIN\LAYOUT\LIBRARY\JUMPER.LLB
Tue Mar 12 17:59:06 Loaded file C:\ORCADWIN\LAYOUT\LIBRARY\SM.LLB
Tue Mar 12 17:59:06 Loaded file C:\ORCADWIN\LAYOUT\LIBRARY\TM_CAP_P.LLB
Tue Mar 12 17:59:06 Loaded file C:\ORCADWIN\LAYOUT\library\sheet05.llb
Tue Mar 12 17:59:06 Unable to find Alternate Footprint: SOG.050/14/WG.244/L.375
Tue Mar 12 17:59:06 Loaded file C:\ORCADWIN\LAYOUT\LIBRARY\TO.LLB
Tue Mar 12 17:59:06 Loaded file C:\ORCADWIN\LAYOUT\LIBRARY\SOJ.LLB
Tue Mar 12 17:59:06 Loaded file C:\ORCADWIN\LAYOUT\LIBRARY\DIP100T.LLB
Tue Mar 12 17:59:06 Loaded file C:\ORCADWIN\LAYOUT\LIBRARY\DIP100B.LLB
Tue Mar 12 17:59:06 Loaded file C:\ORCADWIN\LAYOUT\LIBRARY\DSUBT.LLB
Tue Mar 12 17:59:06 Loaded file C:\ORCADWIN\LAYOUT\LIBRARY\JUMPER.LLB
Tue Mar 12 17:59:06 Loaded file C:\ORCADWIN\LAYOUT\LIBRARY\SM.LLB
Tue Mar 12 17:59:06 Loaded file C:\ORCADWIN\LAYOUT\LIBRARY\TM_CAP_P.LLB
Tue Mar 12 17:59:06 Loaded file C:\ORCADWIN\LAYOUT\library\sheet05.llb
Tue Mar 12 17:59:06 Unable to find Alternate Footprint: SOG.050/14/WG.244/L.375
Tue Mar 12 17:59:06 Loaded file C:\ORCADWIN\LAYOUT\LIBRARY\TO.LLB
Tue Mar 12 17:59:06 Loaded file C:\ORCADWIN\LAYOUT\LIBRARY\SOJ.LLB
Tue Mar 12 17:59:06 Loaded file C:\ORCADWIN\LAYOUT\LIBRARY\DIP100T.LLB
Tue Mar 12 17:59:06 Loaded file C:\ORCADWIN\LAYOUT\LIBRARY\DIP100B.LLB
Tue Mar 12 17:59:06 Loaded file C:\ORCADWIN\LAYOUT\LIBRARY\DSUBT.LLB
Tue Mar 12 17:59:06 Loaded file C:\ORCADWIN\LAYOUT\LIBRARY\JUMPER.LLB
Tue Mar 12 17:59:06 Loaded file C:\ORCADWIN\LAYOUT\LIBRARY\SM.LLB
Tue Mar 12 17:59:06 Loaded file C:\ORCADWIN\LAYOUT\LIBRARY\TM_CAP_P.LLB
Tue Mar 12 17:59:06 Loaded file C:\ORCADWIN\LAYOUT\library\sheet05.llb
Tue Mar 12 17:59:06 Unable to find Alternate Footprint: SOG.050/14/WG.244/L.375
Tue Mar 12 17:59:06 Loaded file C:\ORCADWIN\LAYOUT\LIBRARY\TO.LLB
Tue Mar 12 17:59:06 Loaded file C:\ORCADWIN\LAYOUT\LIBRARY\SOJ.LLB
Tue Mar 12 17:59:06 Loaded file C:\ORCADWIN\LAYOUT\LIBRARY\DIP100T.LLB
Tue Mar 12 17:59:06 Loaded file C:\ORCADWIN\LAYOUT\LIBRARY\DIP100B.LLB
Tue Mar 12 17:59:06 Loaded file C:\ORCADWIN\LAYOUT\LIBRARY\DSUBT.LLB
Tue Mar 12 17:59:06 Loaded file C:\ORCADWIN\LAYOUT\LIBRARY\JUMPER.LLB
Tue Mar 12 17:59:06 Loaded file C:\ORCADWIN\LAYOUT\LIBRARY\SM.LLB
Tue Mar 12 17:59:06 Loaded file C:\ORCADWIN\LAYOUT\LIBRARY\TM_CAP_P.LLB
Tue Mar 12 17:59:06 Loaded file C:\ORCADWIN\LAYOUT\library\sheet05.llb
Tue Mar 12 17:59:06 Unable to find Alternate Footprint: SOG.050/14/WG.244/L.375
Tue Mar 12 17:59:06 Saved as file C:\DOCUMENTS AND SETTINGS\TASOS\LAB3\LAYOUT\DESIGN1.MAX
Tue Mar 12 17:59:06 Loaded file C:\DOCUMENTS AND SETTINGS\TASOS\LAB3\LAYOUT\DESIGN1.MAX
Tue Mar 12 17:59:14 Saved as file PLACE1.MAX
Tue Mar 12 17:59:14 Saved as file PLACE2.MAX
Tue Mar 12 17:59:14 Saved as file PLACE3.MAX
Tue Mar 12 17:59:14 Batch place completed in 00:00:00
Tue Mar 12 18:01:35 Saved as file BACKUP1.MAX
Tue Mar 12 18:01:35 Saved as file BACKUP1.MAX
Tue Mar 12 18:01:35 Saved as file BACKUP1.MAX
Tue Mar 12 18:01:35 Saved as file BACKUP1.MAX
Tue Mar 12 18:01:35 Saved as file BACKUP1.MAX
Tue Mar 12 18:01:35 Saved as file BACKUP1.MAX
Tue Mar 12 18:01:35 Routed 35 connections in 0 seconds.
Tue Mar 12 18:01:35 Total is now 35 out of 156 (22%).
Tue Mar 12 18:01:35 Saved as file SWEEP1.MAX
Tue Mar 12 18:01:35 Saved as file BACKUP1.MAX
Tue Mar 12 18:01:35 Saved as file BACKUP1.MAX
Tue Mar 12 18:01:35 Saved as file BACKUP1.MAX
Tue Mar 12 18:01:35 Saved as file BACKUP1.MAX
Tue Mar 12 18:01:35 Saved as file BACKUP1.MAX
Tue Mar 12 18:01:36 Saved as file BACKUP1.MAX
Tue Mar 12 18:01:36 Routed 121 connections in 0 seconds.
Tue Mar 12 18:01:36 Total is now 156 out of 156 (100%).
Tue Mar 12 18:01:36 Saved as file SWEEP2.MAX
Tue Mar 12 18:01:36 No new connections routed.
Tue Mar 12 18:01:36 Total is now 156 out of 156 (100%).
Tue Mar 12 18:01:36 Saved as file SWEEP3.MAX
Tue Mar 12 18:01:36 No new connections routed.
Tue Mar 12 18:01:36 Total is now 156 out of 156 (100%).
Tue Mar 12 18:01:36 Saved as file SWEEP4.MAX
Tue Mar 12 18:01:36 No new connections routed.
Tue Mar 12 18:01:36 Total is now 156 out of 156 (100%).
Tue Mar 12 18:01:36 Saved as file SWEEP5.MAX
Tue Mar 12 18:09:55 Saved as file BACKUP1.MAX
Tue Mar 12 18:09:57 Loaded file C:\ORCADWIN\LAYOUT\data\template.imp
Tue Mar 12 18:09:57 Loaded file C:\ORCADWIN\LAYOUT\data\template.imp
Tue Mar 12 18:17:21 Saved as file C:\DOCUMENTS AND SETTINGS\TASOS\LAB3\LAYOUT\DESIGN1.MAX
Thu Mar 14 17:05:28 Loaded file C:\DOCUMENTS AND SETTINGS\TASOS\LAB3\LAYOUT\DESIGN1.MAX
